Time resolution is 1 ps
Requested Freq: 0 Hz, Actual Freq: 0.000000 Hz
Time=0 pwm_out=0
Time=115000 pwm_out=x
Time=125000 pwm_out=0
Test 1: Testing basic note functionality
Requested Freq: 262 Hz, Actual Freq: 261.981040 Hz
Time=30825000 pwm_out=1
Time=30835000 pwm_out=0
Time=33385000 pwm_out=1
Time=33395000 pwm_out=0
Time=35945000 pwm_out=1
Time=35955000 pwm_out=0
Time=38505000 pwm_out=1
Time=38515000 pwm_out=0
Time=41065000 pwm_out=1
Time=41075000 pwm_out=0
Time=43625000 pwm_out=1
Time=43635000 pwm_out=0
Time=46185000 pwm_out=1
Time=46195000 pwm_out=0
Time=48745000 pwm_out=1
Time=48755000 pwm_out=0
Time=51305000 pwm_out=1
Time=51315000 pwm_out=0
Time=53865000 pwm_out=1
Time=53875000 pwm_out=0
Time=56425000 pwm_out=1
Time=56435000 pwm_out=0
Time=58985000 pwm_out=1
Time=58995000 pwm_out=0
Time=61545000 pwm_out=1
Time=61565000 pwm_out=0
Time=64105000 pwm_out=1
Time=64125000 pwm_out=0
Time=66665000 pwm_out=1
Time=66685000 pwm_out=0
Time=69225000 pwm_out=1
Time=69245000 pwm_out=0
Time=71785000 pwm_out=1
Time=71805000 pwm_out=0
Time=74345000 pwm_out=1
Time=74365000 pwm_out=0
Time=76905000 pwm_out=1
Time=76925000 pwm_out=0
Time=79465000 pwm_out=1
Time=79485000 pwm_out=0
Time=82025000 pwm_out=1
Time=82045000 pwm_out=0
Time=84585000 pwm_out=1
Time=84605000 pwm_out=0
Time=87145000 pwm_out=1
Time=87165000 pwm_out=0
Time=89705000 pwm_out=1
Time=89735000 pwm_out=0
Time=92265000 pwm_out=1
Time=92295000 pwm_out=0
Time=94825000 pwm_out=1
Time=94855000 pwm_out=0
Time=97385000 pwm_out=1
Time=97415000 pwm_out=0
Time=99945000 pwm_out=1
Time=99975000 pwm_out=0
Time=102505000 pwm_out=1
Time=102535000 pwm_out=0
Time=105065000 pwm_out=1
Time=105095000 pwm_out=0
Time=107625000 pwm_out=1
Time=107655000 pwm_out=0
Time=110185000 pwm_out=1
Time=110215000 pwm_out=0
Time=112745000 pwm_out=1
Time=112775000 pwm_out=0
Time=115305000 pwm_out=1
Time=115335000 pwm_out=0
Time=117865000 pwm_out=1
Time=117895000 pwm_out=0
Time=120425000 pwm_out=1
Time=120465000 pwm_out=0
Time=122985000 pwm_out=1
Time=123025000 pwm_out=0
Time=125545000 pwm_out=1
Time=125585000 pwm_out=0
Time=128105000 pwm_out=1
Time=128145000 pwm_out=0
Time=130665000 pwm_out=1
Time=130705000 pwm_out=0
Time=133225000 pwm_out=1
Time=133265000 pwm_out=0
Time=135785000 pwm_out=1
Time=135825000 pwm_out=0
Time=138345000 pwm_out=1
Time=138385000 pwm_out=0
Time=140905000 pwm_out=1
Time=140945000 pwm_out=0
Time=143465000 pwm_out=1
Time=143505000 pwm_out=0
Time=146025000 pwm_out=1
Time=146065000 pwm_out=0
Time=148585000 pwm_out=1
Time=148625000 pwm_out=0
Time=151145000 pwm_out=1
Time=151195000 pwm_out=0
Time=153705000 pwm_out=1
Time=153755000 pwm_out=0
Time=156265000 pwm_out=1
Time=156315000 pwm_out=0
Time=158825000 pwm_out=1
Time=158875000 pwm_out=0
Time=161385000 pwm_out=1
Time=161435000 pwm_out=0
Time=163945000 pwm_out=1
Time=163995000 pwm_out=0
Time=166505000 pwm_out=1
Time=166555000 pwm_out=0
Time=169065000 pwm_out=1
Time=169115000 pwm_out=0
Time=171625000 pwm_out=1
Time=171675000 pwm_out=0
Time=174185000 pwm_out=1
Time=174235000 pwm_out=0
Time=176745000 pwm_out=1
Time=176795000 pwm_out=0
Time=179305000 pwm_out=1
Time=179365000 pwm_out=0
Time=181865000 pwm_out=1
Time=181925000 pwm_out=0
Time=184425000 pwm_out=1
Time=184485000 pwm_out=0
Time=186985000 pwm_out=1
Time=187045000 pwm_out=0
Time=189545000 pwm_out=1
Time=189605000 pwm_out=0
Time=192105000 pwm_out=1
Time=192165000 pwm_out=0
Time=194665000 pwm_out=1
Time=194725000 pwm_out=0
Time=197225000 pwm_out=1
Time=197285000 pwm_out=0
Time=199785000 pwm_out=1
Time=199845000 pwm_out=0
Time=202345000 pwm_out=1
Time=202405000 pwm_out=0
Time=204905000 pwm_out=1
Time=204965000 pwm_out=0
Time=207465000 pwm_out=1
Time=207525000 pwm_out=0
Time=210025000 pwm_out=1
Time=210095000 pwm_out=0
Time=212585000 pwm_out=1
Time=212655000 pwm_out=0
Time=215145000 pwm_out=1
Time=215215000 pwm_out=0
Time=217705000 pwm_out=1
Time=217775000 pwm_out=0
Time=220265000 pwm_out=1
Time=220335000 pwm_out=0
Time=222825000 pwm_out=1
Time=222895000 pwm_out=0
Time=225385000 pwm_out=1
Time=225455000 pwm_out=0
Time=227945000 pwm_out=1
Time=228015000 pwm_out=0
Time=230505000 pwm_out=1
Time=230575000 pwm_out=0
Time=233065000 pwm_out=1
Time=233135000 pwm_out=0
Time=235625000 pwm_out=1
Time=235695000 pwm_out=0
Time=238185000 pwm_out=1
Time=238255000 pwm_out=0
Time=240745000 pwm_out=1
Time=240825000 pwm_out=0
Time=243305000 pwm_out=1
Time=243385000 pwm_out=0
Time=245865000 pwm_out=1
Time=245945000 pwm_out=0
Time=248425000 pwm_out=1
Time=248505000 pwm_out=0
Time=250985000 pwm_out=1
Time=251065000 pwm_out=0
Time=253545000 pwm_out=1
Time=253625000 pwm_out=0
Time=256105000 pwm_out=1
Time=256185000 pwm_out=0
Time=258665000 pwm_out=1
Time=258745000 pwm_out=0
Time=261225000 pwm_out=1
Time=261305000 pwm_out=0
Time=263785000 pwm_out=1
Time=263865000 pwm_out=0
Time=266345000 pwm_out=1
Time=266425000 pwm_out=0
Time=268905000 pwm_out=1
Time=268995000 pwm_out=0
Time=271465000 pwm_out=1
Time=271555000 pwm_out=0
Time=274025000 pwm_out=1
Time=274115000 pwm_out=0
Time=276585000 pwm_out=1
Time=276675000 pwm_out=0
Time=279145000 pwm_out=1
Time=279235000 pwm_out=0
Time=281705000 pwm_out=1
Time=281795000 pwm_out=0
Time=284265000 pwm_out=1
Time=284355000 pwm_out=0
Time=286825000 pwm_out=1
Time=286915000 pwm_out=0
Time=289385000 pwm_out=1
Time=289475000 pwm_out=0
Time=291945000 pwm_out=1
Time=292035000 pwm_out=0
Time=294505000 pwm_out=1
Time=294595000 pwm_out=0
Time=297065000 pwm_out=1
Time=297155000 pwm_out=0
Time=299625000 pwm_out=1
Time=299725000 pwm_out=0
Time=302185000 pwm_out=1
Time=302285000 pwm_out=0
Time=304745000 pwm_out=1
Time=304845000 pwm_out=0
Time=307305000 pwm_out=1
Time=307405000 pwm_out=0
Time=309865000 pwm_out=1
Time=309965000 pwm_out=0
Time=312425000 pwm_out=1
Time=312525000 pwm_out=0
Time=314985000 pwm_out=1
Time=315085000 pwm_out=0
Time=317545000 pwm_out=1
Time=317645000 pwm_out=0
Time=320105000 pwm_out=1
Time=320205000 pwm_out=0
Time=322665000 pwm_out=1
Time=322765000 pwm_out=0
Time=325225000 pwm_out=1
Time=325325000 pwm_out=0
Time=327785000 pwm_out=1
Time=327885000 pwm_out=0
Time=330345000 pwm_out=1
Time=330455000 pwm_out=0
Time=332905000 pwm_out=1
Time=333015000 pwm_out=0
Time=335465000 pwm_out=1
Time=335575000 pwm_out=0
Time=338025000 pwm_out=1
Time=338135000 pwm_out=0
Time=340585000 pwm_out=1
Time=340695000 pwm_out=0
Time=343145000 pwm_out=1
Time=343255000 pwm_out=0
Time=345705000 pwm_out=1
Time=345815000 pwm_out=0
Time=348265000 pwm_out=1
Time=348375000 pwm_out=0
Time=350825000 pwm_out=1
Time=350935000 pwm_out=0
Time=353385000 pwm_out=1
Time=353495000 pwm_out=0
Time=355945000 pwm_out=1
Time=356055000 pwm_out=0
Time=358505000 pwm_out=1
Time=358625000 pwm_out=0
Time=361065000 pwm_out=1
Time=361185000 pwm_out=0
Time=363625000 pwm_out=1
Time=363745000 pwm_out=0
Time=366185000 pwm_out=1
Time=366305000 pwm_out=0
Time=368745000 pwm_out=1
Time=368865000 pwm_out=0
Time=371305000 pwm_out=1
Time=371425000 pwm_out=0
Time=373865000 pwm_out=1
Time=373985000 pwm_out=0
Time=376425000 pwm_out=1
Time=376545000 pwm_out=0
Time=378985000 pwm_out=1
Time=379105000 pwm_out=0
Time=381545000 pwm_out=1
Time=381665000 pwm_out=0
Time=384105000 pwm_out=1
Time=384225000 pwm_out=0
Time=386665000 pwm_out=1
Time=386785000 pwm_out=0
Time=389225000 pwm_out=1
Time=389355000 pwm_out=0
Time=391785000 pwm_out=1
Time=391915000 pwm_out=0
Time=394345000 pwm_out=1
Time=394475000 pwm_out=0
Time=396905000 pwm_out=1
Time=397035000 pwm_out=0
Time=399465000 pwm_out=1
Time=399595000 pwm_out=0
Time=402025000 pwm_out=1
Time=402155000 pwm_out=0
Time=404585000 pwm_out=1
Time=404715000 pwm_out=0
Time=407145000 pwm_out=1
Time=407275000 pwm_out=0
Time=409705000 pwm_out=1
Time=409835000 pwm_out=0
Time=412265000 pwm_out=1
Time=412395000 pwm_out=0
Time=414825000 pwm_out=1
Time=414955000 pwm_out=0
Time=417385000 pwm_out=1
Time=417515000 pwm_out=0
Time=419945000 pwm_out=1
Time=420085000 pwm_out=0
Time=422505000 pwm_out=1
Time=422645000 pwm_out=0
Time=425065000 pwm_out=1
Time=425205000 pwm_out=0
Time=427625000 pwm_out=1
Time=427765000 pwm_out=0
Time=430185000 pwm_out=1
Time=430325000 pwm_out=0
Time=432745000 pwm_out=1
Time=432885000 pwm_out=0
Time=435305000 pwm_out=1
Time=435445000 pwm_out=0
Time=437865000 pwm_out=1
Time=438005000 pwm_out=0
Time=440425000 pwm_out=1
Time=440565000 pwm_out=0
Time=442985000 pwm_out=1
Time=443125000 pwm_out=0
Time=445545000 pwm_out=1
Time=445685000 pwm_out=0
Time=448105000 pwm_out=1
Time=448255000 pwm_out=0
Time=450665000 pwm_out=1
Time=450815000 pwm_out=0
Time=453225000 pwm_out=1
Time=453375000 pwm_out=0
Time=455785000 pwm_out=1
Time=455935000 pwm_out=0
Time=458345000 pwm_out=1
Time=458495000 pwm_out=0
Time=460905000 pwm_out=1
Time=461055000 pwm_out=0
Time=463465000 pwm_out=1
Time=463615000 pwm_out=0
Time=466025000 pwm_out=1
Time=466175000 pwm_out=0
Time=468585000 pwm_out=1
Time=468735000 pwm_out=0
Time=471145000 pwm_out=1
Time=471295000 pwm_out=0
Time=473705000 pwm_out=1
Time=473855000 pwm_out=0
Time=476265000 pwm_out=1
Time=476415000 pwm_out=0
Time=478825000 pwm_out=1
Time=478985000 pwm_out=0
Time=481385000 pwm_out=1
Time=481545000 pwm_out=0
Time=483945000 pwm_out=1
Time=484105000 pwm_out=0
Time=486505000 pwm_out=1
Time=486665000 pwm_out=0
Time=489065000 pwm_out=1
Time=489225000 pwm_out=0
Time=491625000 pwm_out=1
Time=491785000 pwm_out=0
Time=494185000 pwm_out=1
Time=494345000 pwm_out=0
Time=496745000 pwm_out=1
Time=496905000 pwm_out=0
Time=499305000 pwm_out=1
Time=499465000 pwm_out=0
Time=501865000 pwm_out=1
Time=502025000 pwm_out=0
Time=504425000 pwm_out=1
Time=504585000 pwm_out=0
Time=506985000 pwm_out=1
Time=507145000 pwm_out=0
Time=509545000 pwm_out=1
Time=509715000 pwm_out=0
Time=512105000 pwm_out=1
Time=512275000 pwm_out=0
Time=514665000 pwm_out=1
Time=514835000 pwm_out=0
Time=517225000 pwm_out=1
Time=517395000 pwm_out=0
Time=519785000 pwm_out=1
Time=519955000 pwm_out=0
Time=522345000 pwm_out=1
Time=522515000 pwm_out=0
Time=524905000 pwm_out=1
Time=525075000 pwm_out=0
Time=527465000 pwm_out=1
Time=527635000 pwm_out=0
Time=530025000 pwm_out=1
Time=530195000 pwm_out=0
Time=532585000 pwm_out=1
Time=532755000 pwm_out=0
Time=535145000 pwm_out=1
Time=535315000 pwm_out=0
Time=537705000 pwm_out=1
Time=537885000 pwm_out=0
Time=540265000 pwm_out=1
Time=540445000 pwm_out=0
Time=542825000 pwm_out=1
Time=543005000 pwm_out=0
Time=545385000 pwm_out=1
Time=545565000 pwm_out=0
Time=547945000 pwm_out=1
Time=548125000 pwm_out=0
Time=550505000 pwm_out=1
Time=550685000 pwm_out=0
Time=553065000 pwm_out=1
Time=553245000 pwm_out=0
Time=555625000 pwm_out=1
Time=555805000 pwm_out=0
Time=558185000 pwm_out=1
Time=558365000 pwm_out=0
Time=560745000 pwm_out=1
Time=560925000 pwm_out=0
Time=563305000 pwm_out=1
Time=563485000 pwm_out=0
Time=565865000 pwm_out=1
Time=566045000 pwm_out=0
Time=568425000 pwm_out=1
Time=568615000 pwm_out=0
Time=570985000 pwm_out=1
Time=571175000 pwm_out=0
Time=573545000 pwm_out=1
Time=573735000 pwm_out=0
Time=576105000 pwm_out=1
Time=576295000 pwm_out=0
Time=578665000 pwm_out=1
Time=578855000 pwm_out=0
Time=581225000 pwm_out=1
Time=581415000 pwm_out=0
Time=583785000 pwm_out=1
Time=583975000 pwm_out=0
Time=586345000 pwm_out=1
Time=586535000 pwm_out=0
Time=588905000 pwm_out=1
Time=589095000 pwm_out=0
Time=591465000 pwm_out=1
Time=591655000 pwm_out=0
Time=594025000 pwm_out=1
Time=594215000 pwm_out=0
Time=596585000 pwm_out=1
Time=596785000 pwm_out=0
Time=599145000 pwm_out=1
Time=599345000 pwm_out=0
Time=601705000 pwm_out=1
Time=601905000 pwm_out=0
Time=604265000 pwm_out=1
Time=604465000 pwm_out=0
Time=606825000 pwm_out=1
Time=607025000 pwm_out=0
Time=609385000 pwm_out=1
Time=609585000 pwm_out=0
Time=611945000 pwm_out=1
Time=612145000 pwm_out=0
Time=614505000 pwm_out=1
Time=614705000 pwm_out=0
Time=617065000 pwm_out=1
Time=617265000 pwm_out=0
Time=619625000 pwm_out=1
Time=619825000 pwm_out=0
Time=622185000 pwm_out=1
Time=622385000 pwm_out=0
Time=624745000 pwm_out=1
Time=624945000 pwm_out=0
Time=627305000 pwm_out=1
Time=627515000 pwm_out=0
Time=629865000 pwm_out=1
Time=630075000 pwm_out=0
Time=632425000 pwm_out=1
Time=632635000 pwm_out=0
Time=634985000 pwm_out=1
Time=635195000 pwm_out=0
Time=637545000 pwm_out=1
Time=637755000 pwm_out=0
Time=640105000 pwm_out=1
Time=640315000 pwm_out=0
Time=642665000 pwm_out=1
Time=642875000 pwm_out=0
Time=645225000 pwm_out=1
Time=645435000 pwm_out=0
Time=647785000 pwm_out=1
Time=647995000 pwm_out=0
Time=650345000 pwm_out=1
Time=650555000 pwm_out=0
Time=652905000 pwm_out=1
Time=653115000 pwm_out=0
Time=655465000 pwm_out=1
Time=655675000 pwm_out=0
Time=658025000 pwm_out=1
Time=658245000 pwm_out=0
Time=660585000 pwm_out=1
Time=660805000 pwm_out=0
Time=663145000 pwm_out=1
Time=663365000 pwm_out=0
Time=665705000 pwm_out=1
Time=665925000 pwm_out=0
Time=668265000 pwm_out=1
Time=668485000 pwm_out=0
Time=670825000 pwm_out=1
Time=671045000 pwm_out=0
Time=673385000 pwm_out=1
Time=673605000 pwm_out=0
Time=675945000 pwm_out=1
Time=676165000 pwm_out=0
Time=678505000 pwm_out=1
Time=678725000 pwm_out=0
Time=681065000 pwm_out=1
Time=681285000 pwm_out=0
Time=683625000 pwm_out=1
Time=683845000 pwm_out=0
Time=686185000 pwm_out=1
Time=686415000 pwm_out=0
Time=688745000 pwm_out=1
Time=688975000 pwm_out=0
Time=691305000 pwm_out=1
Time=691535000 pwm_out=0
Time=693865000 pwm_out=1
Time=694095000 pwm_out=0
Time=696425000 pwm_out=1
Time=696655000 pwm_out=0
Time=698985000 pwm_out=1
Time=699215000 pwm_out=0
Time=701545000 pwm_out=1
Time=701775000 pwm_out=0
Time=704105000 pwm_out=1
Time=704335000 pwm_out=0
Time=706665000 pwm_out=1
Time=706895000 pwm_out=0
Time=709225000 pwm_out=1
Time=709455000 pwm_out=0
Time=711785000 pwm_out=1
Time=712015000 pwm_out=0
Time=714345000 pwm_out=1
Time=714575000 pwm_out=0
Time=716905000 pwm_out=1
Time=717145000 pwm_out=0
Time=719465000 pwm_out=1
Time=719705000 pwm_out=0
Time=722025000 pwm_out=1
Time=722265000 pwm_out=0
Time=724585000 pwm_out=1
Time=724825000 pwm_out=0
Time=727145000 pwm_out=1
Time=727385000 pwm_out=0
Time=729705000 pwm_out=1
Time=729945000 pwm_out=0
Time=732265000 pwm_out=1
Time=732505000 pwm_out=0
Time=734825000 pwm_out=1
Time=735065000 pwm_out=0
Time=737385000 pwm_out=1
Time=737625000 pwm_out=0
Time=739945000 pwm_out=1
Time=740185000 pwm_out=0
Time=742505000 pwm_out=1
Time=742745000 pwm_out=0
Time=745065000 pwm_out=1
Time=745305000 pwm_out=0
Time=747625000 pwm_out=1
Time=747875000 pwm_out=0
Time=750185000 pwm_out=1
Time=750435000 pwm_out=0
Time=752745000 pwm_out=1
Time=752995000 pwm_out=0
Time=755305000 pwm_out=1
Time=755555000 pwm_out=0
Time=757865000 pwm_out=1
Time=758115000 pwm_out=0
Time=760425000 pwm_out=1
Time=760675000 pwm_out=0
Time=762985000 pwm_out=1
Time=763235000 pwm_out=0
Time=765545000 pwm_out=1
Time=765795000 pwm_out=0
Time=768105000 pwm_out=1
Time=768355000 pwm_out=0
Time=770665000 pwm_out=1
Time=770915000 pwm_out=0
Time=773225000 pwm_out=1
Time=773475000 pwm_out=0
Time=775785000 pwm_out=1
Time=776045000 pwm_out=0
Time=778345000 pwm_out=1
Time=778605000 pwm_out=0
Time=780905000 pwm_out=1
Time=781165000 pwm_out=0
Time=783465000 pwm_out=1
Time=783725000 pwm_out=0
Time=786025000 pwm_out=1
Time=786285000 pwm_out=0
Time=788585000 pwm_out=1
Time=788845000 pwm_out=0
Time=791145000 pwm_out=1
Time=791405000 pwm_out=0
Time=793705000 pwm_out=1
Time=793965000 pwm_out=0
Time=796265000 pwm_out=1
Time=796525000 pwm_out=0
Time=798825000 pwm_out=1
Time=799085000 pwm_out=0
Time=801385000 pwm_out=1
Time=801645000 pwm_out=0
Time=803945000 pwm_out=1
Time=804205000 pwm_out=0
Time=806505000 pwm_out=1
Time=806775000 pwm_out=0
Time=809065000 pwm_out=1
Time=809335000 pwm_out=0
Time=811625000 pwm_out=1
Time=811895000 pwm_out=0
Time=814185000 pwm_out=1
Time=814455000 pwm_out=0
Time=816745000 pwm_out=1
Time=817015000 pwm_out=0
Time=819305000 pwm_out=1
Time=819575000 pwm_out=0
Time=821865000 pwm_out=1
Time=822135000 pwm_out=0
Time=824425000 pwm_out=1
Time=824695000 pwm_out=0
Time=826985000 pwm_out=1
Time=827255000 pwm_out=0
Time=829545000 pwm_out=1
Time=829815000 pwm_out=0
Time=832105000 pwm_out=1
Time=832375000 pwm_out=0
Time=834665000 pwm_out=1
Time=834935000 pwm_out=0
Time=837225000 pwm_out=1
Time=837505000 pwm_out=0
Time=839785000 pwm_out=1
Time=840065000 pwm_out=0
Time=842345000 pwm_out=1
Time=842625000 pwm_out=0
Time=844905000 pwm_out=1
Time=845185000 pwm_out=0
Time=847465000 pwm_out=1
Time=847745000 pwm_out=0
Time=850025000 pwm_out=1
Time=850305000 pwm_out=0
Time=852585000 pwm_out=1
Time=852865000 pwm_out=0
Time=855145000 pwm_out=1
Time=855425000 pwm_out=0
Time=857705000 pwm_out=1
Time=857985000 pwm_out=0
Time=860265000 pwm_out=1
Time=860545000 pwm_out=0
Time=862825000 pwm_out=1
Time=863105000 pwm_out=0
Time=865385000 pwm_out=1
Time=865675000 pwm_out=0
Time=867945000 pwm_out=1
Time=868235000 pwm_out=0
Time=870505000 pwm_out=1
Time=870795000 pwm_out=0
Time=873065000 pwm_out=1
Time=873355000 pwm_out=0
Time=875625000 pwm_out=1
Time=875915000 pwm_out=0
Time=878185000 pwm_out=1
Time=878475000 pwm_out=0
Time=880745000 pwm_out=1
Time=881035000 pwm_out=0
Time=883305000 pwm_out=1
Time=883595000 pwm_out=0
Time=885865000 pwm_out=1
Time=886155000 pwm_out=0
Time=888425000 pwm_out=1
Time=888715000 pwm_out=0
Time=890985000 pwm_out=1
Time=891275000 pwm_out=0
Time=893545000 pwm_out=1
Time=893835000 pwm_out=0
Time=896105000 pwm_out=1
Time=896405000 pwm_out=0
Time=898665000 pwm_out=1
Time=898965000 pwm_out=0
Time=901225000 pwm_out=1
Time=901525000 pwm_out=0
Time=903785000 pwm_out=1
Time=904085000 pwm_out=0
Time=906345000 pwm_out=1
Time=906645000 pwm_out=0
Time=908905000 pwm_out=1
Time=909205000 pwm_out=0
Time=911465000 pwm_out=1
Time=911765000 pwm_out=0
Time=914025000 pwm_out=1
Time=914325000 pwm_out=0
Time=916585000 pwm_out=1
Time=916885000 pwm_out=0
Time=919145000 pwm_out=1
Time=919445000 pwm_out=0
Time=921705000 pwm_out=1
Time=922005000 pwm_out=0
Time=924265000 pwm_out=1
Time=924565000 pwm_out=0
Time=926825000 pwm_out=1
Time=927135000 pwm_out=0
Time=929385000 pwm_out=1
Time=929695000 pwm_out=0
Time=931945000 pwm_out=1
Time=932255000 pwm_out=0
Time=934505000 pwm_out=1
Time=934815000 pwm_out=0
Time=937065000 pwm_out=1
Time=937375000 pwm_out=0
Time=939625000 pwm_out=1
Time=939935000 pwm_out=0
Time=942185000 pwm_out=1
Time=942495000 pwm_out=0
Time=944745000 pwm_out=1
Time=945055000 pwm_out=0
Time=947305000 pwm_out=1
Time=947615000 pwm_out=0
Time=949865000 pwm_out=1
Time=950175000 pwm_out=0
Time=952425000 pwm_out=1
Time=952735000 pwm_out=0
Time=954985000 pwm_out=1
Time=955305000 pwm_out=0
Time=957545000 pwm_out=1
Time=957865000 pwm_out=0
Time=960105000 pwm_out=1
Time=960425000 pwm_out=0
Time=962665000 pwm_out=1
Time=962985000 pwm_out=0
Time=965225000 pwm_out=1
Time=965545000 pwm_out=0
Time=967785000 pwm_out=1
Time=968105000 pwm_out=0
Time=970345000 pwm_out=1
Time=970665000 pwm_out=0
Time=972905000 pwm_out=1
Time=973225000 pwm_out=0
Time=975465000 pwm_out=1
Time=975785000 pwm_out=0
Time=978025000 pwm_out=1
Time=978345000 pwm_out=0
Time=980585000 pwm_out=1
Time=980905000 pwm_out=0
Time=983145000 pwm_out=1
Time=983465000 pwm_out=0
Time=985705000 pwm_out=1
Time=986035000 pwm_out=0
Time=988265000 pwm_out=1
Time=988595000 pwm_out=0
Time=990825000 pwm_out=1
Time=991155000 pwm_out=0
Time=993385000 pwm_out=1
Time=993715000 pwm_out=0
Time=995945000 pwm_out=1
Time=996275000 pwm_out=0
Time=998505000 pwm_out=1
Time=998835000 pwm_out=0
Time=1001065000 pwm_out=1
Time=1001245000 pwm_out=0
Test 2: Testing waveform selection
Time=2002025000 pwm_out=1
Time=2003235000 pwm_out=0
Time=2004585000 pwm_out=1
Time=2005255000 pwm_out=0
Time=2007145000 pwm_out=1
Time=2007815000 pwm_out=0
Time=2009705000 pwm_out=1
Time=2010375000 pwm_out=0
Time=2012265000 pwm_out=1
Time=2012935000 pwm_out=0
Time=2014825000 pwm_out=1
Time=2015495000 pwm_out=0
Time=2017385000 pwm_out=1
Time=2018055000 pwm_out=0
Time=2019945000 pwm_out=1
Time=2020615000 pwm_out=0
Time=2022505000 pwm_out=1
Time=2023175000 pwm_out=0
Time=2025065000 pwm_out=1
Time=2025735000 pwm_out=0
Time=2027625000 pwm_out=1
Time=2028305000 pwm_out=0
Time=2030185000 pwm_out=1
Time=2030865000 pwm_out=0
Time=2032745000 pwm_out=1
Time=2033425000 pwm_out=0
Time=2035305000 pwm_out=1
Time=2035985000 pwm_out=0
Time=2037865000 pwm_out=1
Time=2038545000 pwm_out=0
Time=2040425000 pwm_out=1
Time=2041105000 pwm_out=0
Time=2042985000 pwm_out=1
Time=2043665000 pwm_out=0
Time=2045545000 pwm_out=1
Time=2046225000 pwm_out=0
Time=2048105000 pwm_out=1
Time=2048785000 pwm_out=0
Time=2050665000 pwm_out=1
Time=2051345000 pwm_out=0
Time=2053225000 pwm_out=1
Time=2053905000 pwm_out=0
Time=2055785000 pwm_out=1
Time=2056465000 pwm_out=0
Time=2058345000 pwm_out=1
Time=2059035000 pwm_out=0
Time=2060905000 pwm_out=1
Time=2061595000 pwm_out=0
Time=2063465000 pwm_out=1
Time=2064155000 pwm_out=0
Time=2066025000 pwm_out=1
Time=2066715000 pwm_out=0
Time=2068585000 pwm_out=1
Time=2069275000 pwm_out=0
Time=2071145000 pwm_out=1
Time=2071835000 pwm_out=0
Time=2073705000 pwm_out=1
Time=2074395000 pwm_out=0
Time=2076265000 pwm_out=1
Time=2076955000 pwm_out=0
Time=2078825000 pwm_out=1
Time=2079515000 pwm_out=0
Time=2081385000 pwm_out=1
Time=2082075000 pwm_out=0
Time=2083945000 pwm_out=1
Time=2084635000 pwm_out=0
Time=2086505000 pwm_out=1
Time=2087195000 pwm_out=0
Time=2089065000 pwm_out=1
Time=2089765000 pwm_out=0
Time=2091625000 pwm_out=1
Time=2092325000 pwm_out=0
Time=2094185000 pwm_out=1
Time=2094885000 pwm_out=0
Time=2096745000 pwm_out=1
Time=2097445000 pwm_out=0
Time=2099305000 pwm_out=1
Time=2100005000 pwm_out=0
Time=2101865000 pwm_out=1
Time=2102565000 pwm_out=0
Time=2104425000 pwm_out=1
Time=2105125000 pwm_out=0
Time=2106985000 pwm_out=1
Time=2107685000 pwm_out=0
Time=2109545000 pwm_out=1
Time=2110245000 pwm_out=0
Time=2112105000 pwm_out=1
Time=2112805000 pwm_out=0
Time=2114665000 pwm_out=1
Time=2115365000 pwm_out=0
Time=2117225000 pwm_out=1
Time=2117935000 pwm_out=0
Time=2119785000 pwm_out=1
Time=2120495000 pwm_out=0
Time=2122345000 pwm_out=1
Time=2123055000 pwm_out=0
Time=2124905000 pwm_out=1
Time=2125615000 pwm_out=0
Time=2127465000 pwm_out=1
Time=2128175000 pwm_out=0
Time=2130025000 pwm_out=1
Time=2130735000 pwm_out=0
Time=2132585000 pwm_out=1
Time=2133295000 pwm_out=0
Time=2135145000 pwm_out=1
Time=2135855000 pwm_out=0
Time=2137705000 pwm_out=1
Time=2138415000 pwm_out=0
Time=2140265000 pwm_out=1
Time=2140975000 pwm_out=0
Time=2142825000 pwm_out=1
Time=2143535000 pwm_out=0
Time=2145385000 pwm_out=1
Time=2146095000 pwm_out=0
Time=2147945000 pwm_out=1
Time=2148665000 pwm_out=0
Time=2150505000 pwm_out=1
Time=2151225000 pwm_out=0
Time=2153065000 pwm_out=1
Time=2153785000 pwm_out=0
Time=2155625000 pwm_out=1
Time=2156345000 pwm_out=0
Time=2158185000 pwm_out=1
Time=2158905000 pwm_out=0
Time=2160745000 pwm_out=1
Time=2161465000 pwm_out=0
Time=2163305000 pwm_out=1
Time=2164025000 pwm_out=0
Time=2165865000 pwm_out=1
Time=2166585000 pwm_out=0
Time=2168425000 pwm_out=1
Time=2169145000 pwm_out=0
Time=2170985000 pwm_out=1
Time=2171705000 pwm_out=0
Time=2173545000 pwm_out=1
Time=2174265000 pwm_out=0
Time=2176105000 pwm_out=1
Time=2176825000 pwm_out=0
Time=2178665000 pwm_out=1
Time=2179395000 pwm_out=0
Time=2181225000 pwm_out=1
Time=2181955000 pwm_out=0
Time=2183785000 pwm_out=1
Time=2184515000 pwm_out=0
Time=2186345000 pwm_out=1
Time=2187075000 pwm_out=0
Time=2188905000 pwm_out=1
Time=2189635000 pwm_out=0
Time=2191465000 pwm_out=1
Time=2192195000 pwm_out=0
Time=2194025000 pwm_out=1
Time=2194755000 pwm_out=0
Time=2196585000 pwm_out=1
Time=2197315000 pwm_out=0
Time=2199145000 pwm_out=1
Time=2199875000 pwm_out=0
Time=2201705000 pwm_out=1
Time=2202435000 pwm_out=0
Time=2204265000 pwm_out=1
Time=2204995000 pwm_out=0
Time=2206825000 pwm_out=1
Time=2207565000 pwm_out=0
Time=2209385000 pwm_out=1
Time=2210125000 pwm_out=0
Time=2211945000 pwm_out=1
Time=2212685000 pwm_out=0
Time=2214505000 pwm_out=1
Time=2215245000 pwm_out=0
Time=2217065000 pwm_out=1
Time=2217805000 pwm_out=0
Time=2219625000 pwm_out=1
Time=2220365000 pwm_out=0
Time=2222185000 pwm_out=1
Time=2222925000 pwm_out=0
Time=2224745000 pwm_out=1
Time=2225485000 pwm_out=0
Time=2227305000 pwm_out=1
Time=2228045000 pwm_out=0
Time=2229865000 pwm_out=1
Time=2230605000 pwm_out=0
Time=2232425000 pwm_out=1
Time=2233165000 pwm_out=0
Time=2234985000 pwm_out=1
Time=2235725000 pwm_out=0
Time=2237545000 pwm_out=1
Time=2238295000 pwm_out=0
Time=2240105000 pwm_out=1
Time=2240855000 pwm_out=0
Time=2242665000 pwm_out=1
Time=2243415000 pwm_out=0
Time=2245225000 pwm_out=1
Time=2245975000 pwm_out=0
Time=2247785000 pwm_out=1
Time=2248535000 pwm_out=0
Time=2250345000 pwm_out=1
Time=2251095000 pwm_out=0
Time=2252905000 pwm_out=1
Time=2253655000 pwm_out=0
Time=2255465000 pwm_out=1
Time=2256215000 pwm_out=0
Time=2258025000 pwm_out=1
Time=2258775000 pwm_out=0
Time=2260585000 pwm_out=1
Time=2261335000 pwm_out=0
Time=2263145000 pwm_out=1
Time=2263895000 pwm_out=0
Time=2265705000 pwm_out=1
Time=2266455000 pwm_out=0
Time=2268265000 pwm_out=1
Time=2269025000 pwm_out=0
Time=2270825000 pwm_out=1
Time=2271585000 pwm_out=0
Time=2273385000 pwm_out=1
Time=2274145000 pwm_out=0
Time=2275945000 pwm_out=1
Time=2276705000 pwm_out=0
Time=2278505000 pwm_out=1
Time=2279265000 pwm_out=0
Time=2281065000 pwm_out=1
Time=2281825000 pwm_out=0
Time=2283625000 pwm_out=1
Time=2284385000 pwm_out=0
Time=2286185000 pwm_out=1
Time=2286945000 pwm_out=0
Time=2288745000 pwm_out=1
Time=2289505000 pwm_out=0
Time=2291305000 pwm_out=1
Time=2292065000 pwm_out=0
Time=2293865000 pwm_out=1
Time=2294625000 pwm_out=0
Time=2296425000 pwm_out=1
Time=2297195000 pwm_out=0
Time=2298985000 pwm_out=1
Time=2299755000 pwm_out=0
Time=2301545000 pwm_out=1
Time=2302315000 pwm_out=0
Time=2304105000 pwm_out=1
Time=2304875000 pwm_out=0
Time=2306665000 pwm_out=1
Time=2307435000 pwm_out=0
Time=2309225000 pwm_out=1
Time=2309995000 pwm_out=0
Time=2311785000 pwm_out=1
Time=2312555000 pwm_out=0
Time=2314345000 pwm_out=1
Time=2315115000 pwm_out=0
Time=2316905000 pwm_out=1
Time=2317675000 pwm_out=0
Time=2319465000 pwm_out=1
Time=2320235000 pwm_out=0
Time=2322025000 pwm_out=1
Time=2322795000 pwm_out=0
Time=2324585000 pwm_out=1
Time=2325355000 pwm_out=0
Time=2327145000 pwm_out=1
Time=2327925000 pwm_out=0
Time=2329705000 pwm_out=1
Time=2330485000 pwm_out=0
Time=2332265000 pwm_out=1
Time=2333045000 pwm_out=0
Time=2334825000 pwm_out=1
Time=2335605000 pwm_out=0
Time=2337385000 pwm_out=1
Time=2338165000 pwm_out=0
Time=2339945000 pwm_out=1
Time=2340725000 pwm_out=0
Time=2342505000 pwm_out=1
Time=2343285000 pwm_out=0
Time=2345065000 pwm_out=1
Time=2345845000 pwm_out=0
Time=2347625000 pwm_out=1
Time=2348405000 pwm_out=0
Time=2350185000 pwm_out=1
Time=2350965000 pwm_out=0
Time=2352745000 pwm_out=1
Time=2353525000 pwm_out=0
Time=2355305000 pwm_out=1
Time=2356085000 pwm_out=0
Time=2357865000 pwm_out=1
Time=2358655000 pwm_out=0
Time=2360425000 pwm_out=1
Time=2361215000 pwm_out=0
Time=2362985000 pwm_out=1
Time=2363775000 pwm_out=0
Time=2365545000 pwm_out=1
Time=2366335000 pwm_out=0
Time=2368105000 pwm_out=1
Time=2368895000 pwm_out=0
Time=2370665000 pwm_out=1
Time=2371455000 pwm_out=0
Time=2373225000 pwm_out=1
Time=2374015000 pwm_out=0
Time=2375785000 pwm_out=1
Time=2376575000 pwm_out=0
Time=2378345000 pwm_out=1
Time=2379135000 pwm_out=0
Time=2380905000 pwm_out=1
Time=2381695000 pwm_out=0
Time=2383465000 pwm_out=1
Time=2384255000 pwm_out=0
Time=2386025000 pwm_out=1
Time=2386825000 pwm_out=0
Time=2388585000 pwm_out=1
Time=2389385000 pwm_out=0
Time=2391145000 pwm_out=1
Time=2391945000 pwm_out=0
Time=2393705000 pwm_out=1
Time=2394505000 pwm_out=0
Time=2396265000 pwm_out=1
Time=2397065000 pwm_out=0
Time=2398825000 pwm_out=1
Time=2399625000 pwm_out=0
Time=2401385000 pwm_out=1
Time=2402185000 pwm_out=0
Time=2403945000 pwm_out=1
Time=2404745000 pwm_out=0
Time=2406505000 pwm_out=1
Time=2407305000 pwm_out=0
Time=2409065000 pwm_out=1
Time=2409865000 pwm_out=0
Time=2411625000 pwm_out=1
Time=2412425000 pwm_out=0
Time=2414185000 pwm_out=1
Time=2414985000 pwm_out=0
Time=2416745000 pwm_out=1
Time=2417555000 pwm_out=0
Time=2419305000 pwm_out=1
Time=2420115000 pwm_out=0
Time=2421865000 pwm_out=1
Time=2422675000 pwm_out=0
Time=2424425000 pwm_out=1
Time=2425235000 pwm_out=0
Time=2426985000 pwm_out=1
Time=2427795000 pwm_out=0
Time=2429545000 pwm_out=1
Time=2430355000 pwm_out=0
Time=2432105000 pwm_out=1
Time=2432915000 pwm_out=0
Time=2434665000 pwm_out=1
Time=2435475000 pwm_out=0
Time=2437225000 pwm_out=1
Time=2438035000 pwm_out=0
Time=2439785000 pwm_out=1
Time=2440595000 pwm_out=0
Time=2442345000 pwm_out=1
Time=2443155000 pwm_out=0
Time=2444905000 pwm_out=1
Time=2445725000 pwm_out=0
Time=2447465000 pwm_out=1
Time=2448285000 pwm_out=0
Time=2450025000 pwm_out=1
Time=2450845000 pwm_out=0
Time=2452585000 pwm_out=1
Time=2453405000 pwm_out=0
Time=2455145000 pwm_out=1
Time=2455965000 pwm_out=0
Time=2457705000 pwm_out=1
Time=2458525000 pwm_out=0
Time=2460265000 pwm_out=1
Time=2461085000 pwm_out=0
Time=2462825000 pwm_out=1
Time=2463645000 pwm_out=0
Time=2465385000 pwm_out=1
Time=2466205000 pwm_out=0
Time=2467945000 pwm_out=1
Time=2468765000 pwm_out=0
Time=2470505000 pwm_out=1
Time=2471325000 pwm_out=0
Time=2473065000 pwm_out=1
Time=2473885000 pwm_out=0
Time=2475625000 pwm_out=1
Time=2476455000 pwm_out=0
Time=2478185000 pwm_out=1
Time=2479015000 pwm_out=0
Time=2480745000 pwm_out=1
Time=2481575000 pwm_out=0
Time=2483305000 pwm_out=1
Time=2484135000 pwm_out=0
Time=2485865000 pwm_out=1
Time=2486695000 pwm_out=0
Time=2488425000 pwm_out=1
Time=2489255000 pwm_out=0
Time=2490985000 pwm_out=1
Time=2491815000 pwm_out=0
Time=2493545000 pwm_out=1
Time=2494375000 pwm_out=0
Time=2496105000 pwm_out=1
Time=2496935000 pwm_out=0
Time=2498665000 pwm_out=1
Time=2499495000 pwm_out=0
Time=2501225000 pwm_out=1
Time=2502055000 pwm_out=0
Time=2503785000 pwm_out=1
Time=2504615000 pwm_out=0
Time=2506345000 pwm_out=1
Time=2507185000 pwm_out=0
Time=2508905000 pwm_out=1
Time=2509745000 pwm_out=0
Time=2511465000 pwm_out=1
Time=2512305000 pwm_out=0
Time=2514025000 pwm_out=1
Time=2514865000 pwm_out=0
Time=2516585000 pwm_out=1
Time=2517425000 pwm_out=0
Time=2519145000 pwm_out=1
Time=2519985000 pwm_out=0
Time=2521705000 pwm_out=1
Time=2522545000 pwm_out=0
Time=2524265000 pwm_out=1
Time=2525105000 pwm_out=0
Time=2526825000 pwm_out=1
Time=2527665000 pwm_out=0
Time=2529385000 pwm_out=1
Time=2530225000 pwm_out=0
Time=2531945000 pwm_out=1
Time=2532785000 pwm_out=0
Time=2534505000 pwm_out=1
Time=2535355000 pwm_out=0
Time=2537065000 pwm_out=1
Time=2537915000 pwm_out=0
Time=2539625000 pwm_out=1
Time=2540475000 pwm_out=0
Time=2542185000 pwm_out=1
Time=2543035000 pwm_out=0
Time=2544745000 pwm_out=1
Time=2545595000 pwm_out=0
Time=2547305000 pwm_out=1
Time=2548155000 pwm_out=0
Time=2549865000 pwm_out=1
Time=2550715000 pwm_out=0
Time=2552425000 pwm_out=1
Time=2553275000 pwm_out=0
Time=2554985000 pwm_out=1
Time=2555835000 pwm_out=0
Time=2557545000 pwm_out=1
Time=2558395000 pwm_out=0
Time=2560105000 pwm_out=1
Time=2560955000 pwm_out=0
Time=2562665000 pwm_out=1
Time=2563515000 pwm_out=0
Time=2565225000 pwm_out=1
Time=2566085000 pwm_out=0
Time=2567785000 pwm_out=1
Time=2568645000 pwm_out=0
Time=2570345000 pwm_out=1
Time=2571205000 pwm_out=0
Time=2572905000 pwm_out=1
Time=2573765000 pwm_out=0
Time=2575465000 pwm_out=1
Time=2576325000 pwm_out=0
Time=2578025000 pwm_out=1
Time=2578885000 pwm_out=0
Time=2580585000 pwm_out=1
Time=2581445000 pwm_out=0
Time=2583145000 pwm_out=1
Time=2584005000 pwm_out=0
Time=2585705000 pwm_out=1
Time=2586565000 pwm_out=0
Time=2588265000 pwm_out=1
Time=2589125000 pwm_out=0
Time=2590825000 pwm_out=1
Time=2591685000 pwm_out=0
Time=2593385000 pwm_out=1
Time=2594245000 pwm_out=0
Time=2595945000 pwm_out=1
Time=2596815000 pwm_out=0
Time=2598505000 pwm_out=1
Time=2599375000 pwm_out=0
Time=2601065000 pwm_out=1
Time=2601935000 pwm_out=0
Time=2603625000 pwm_out=1
Time=2604495000 pwm_out=0
Time=2606185000 pwm_out=1
Time=2607055000 pwm_out=0
Time=2608745000 pwm_out=1
Time=2609615000 pwm_out=0
Time=2611305000 pwm_out=1
Time=2612175000 pwm_out=0
Time=2613865000 pwm_out=1
Time=2614735000 pwm_out=0
Time=2616425000 pwm_out=1
Time=2617295000 pwm_out=0
Time=2618985000 pwm_out=1
Time=2619855000 pwm_out=0
Time=2621545000 pwm_out=1
Time=2622415000 pwm_out=0
Time=2624105000 pwm_out=1
Time=2624985000 pwm_out=0
Time=2626665000 pwm_out=1
Time=2627545000 pwm_out=0
Time=2629225000 pwm_out=1
Time=2630105000 pwm_out=0
Time=2631785000 pwm_out=1
Time=2632665000 pwm_out=0
Time=2634345000 pwm_out=1
Time=2635225000 pwm_out=0
Time=2636905000 pwm_out=1
Time=2637785000 pwm_out=0
Time=2639465000 pwm_out=1
Time=2640345000 pwm_out=0
Time=2642025000 pwm_out=1
Time=2642905000 pwm_out=0
Time=2644585000 pwm_out=1
Time=2645465000 pwm_out=0
Time=2647145000 pwm_out=1
Time=2648025000 pwm_out=0
Time=2649705000 pwm_out=1
Time=2650585000 pwm_out=0
Time=2652265000 pwm_out=1
Time=2653145000 pwm_out=0
Time=2654825000 pwm_out=1
Time=2655715000 pwm_out=0
Time=2657385000 pwm_out=1
Time=2658275000 pwm_out=0
Time=2659945000 pwm_out=1
Time=2660835000 pwm_out=0
Time=2662505000 pwm_out=1
Time=2663395000 pwm_out=0
Time=2665065000 pwm_out=1
Time=2665955000 pwm_out=0
Time=2667625000 pwm_out=1
Time=2668515000 pwm_out=0
Time=2670185000 pwm_out=1
Time=2671075000 pwm_out=0
Time=2672745000 pwm_out=1
Time=2673635000 pwm_out=0
Time=2675305000 pwm_out=1
Time=2676195000 pwm_out=0
Time=2677865000 pwm_out=1
Time=2678755000 pwm_out=0
Time=2680425000 pwm_out=1
Time=2681315000 pwm_out=0
Time=2682985000 pwm_out=1
Time=2683875000 pwm_out=0
Time=2685545000 pwm_out=1
Time=2686445000 pwm_out=0
Time=2688105000 pwm_out=1
Time=2689005000 pwm_out=0
Time=2690665000 pwm_out=1
Time=2691565000 pwm_out=0
Time=2693225000 pwm_out=1
Time=2694125000 pwm_out=0
Time=2695785000 pwm_out=1
Time=2696685000 pwm_out=0
Time=2698345000 pwm_out=1
Time=2699245000 pwm_out=0
Time=2700905000 pwm_out=1
Time=2701805000 pwm_out=0
Time=2703465000 pwm_out=1
Time=2704365000 pwm_out=0
Time=2706025000 pwm_out=1
Time=2706925000 pwm_out=0
Time=2708585000 pwm_out=1
Time=2709485000 pwm_out=0
Time=2711145000 pwm_out=1
Time=2712045000 pwm_out=0
Time=2713705000 pwm_out=1
Time=2714615000 pwm_out=0
Time=2716265000 pwm_out=1
Time=2717175000 pwm_out=0
Time=2718825000 pwm_out=1
Time=2719735000 pwm_out=0
Time=2721385000 pwm_out=1
Time=2722295000 pwm_out=0
Time=2723945000 pwm_out=1
Time=2724855000 pwm_out=0
Time=2726505000 pwm_out=1
Time=2727415000 pwm_out=0
Time=2729065000 pwm_out=1
Time=2729975000 pwm_out=0
Time=2731625000 pwm_out=1
Time=2732535000 pwm_out=0
Time=2734185000 pwm_out=1
Time=2735095000 pwm_out=0
Time=2736745000 pwm_out=1
Time=2737655000 pwm_out=0
Time=2739305000 pwm_out=1
Time=2740215000 pwm_out=0
Time=2741865000 pwm_out=1
Time=2742775000 pwm_out=0
Time=2744425000 pwm_out=1
Time=2745345000 pwm_out=0
Time=2746985000 pwm_out=1
Time=2747905000 pwm_out=0
Time=2749545000 pwm_out=1
Time=2750465000 pwm_out=0
Time=2752105000 pwm_out=1
Time=2753025000 pwm_out=0
Time=2754665000 pwm_out=1
Time=2755585000 pwm_out=0
Time=2757225000 pwm_out=1
Time=2758145000 pwm_out=0
Time=2759785000 pwm_out=1
Time=2760705000 pwm_out=0
Time=2762345000 pwm_out=1
Time=2763265000 pwm_out=0
Time=2764905000 pwm_out=1
Time=2765825000 pwm_out=0
Time=2767465000 pwm_out=1
Time=2768385000 pwm_out=0
Time=2770025000 pwm_out=1
Time=2770945000 pwm_out=0
Time=2772585000 pwm_out=1
Time=2773505000 pwm_out=0
Time=2775145000 pwm_out=1
Time=2776075000 pwm_out=0
Time=2777705000 pwm_out=1
Time=2778635000 pwm_out=0
Time=2780265000 pwm_out=1
Time=2781195000 pwm_out=0
Time=2782825000 pwm_out=1
Time=2783755000 pwm_out=0
Time=2785385000 pwm_out=1
Time=2786315000 pwm_out=0
Time=2787945000 pwm_out=1
Time=2788875000 pwm_out=0
Time=2790505000 pwm_out=1
Time=2791435000 pwm_out=0
Time=2793065000 pwm_out=1
Time=2793995000 pwm_out=0
Time=2795625000 pwm_out=1
Time=2796555000 pwm_out=0
Time=2798185000 pwm_out=1
Time=2799115000 pwm_out=0
Time=2800745000 pwm_out=1
Time=2801675000 pwm_out=0
Time=2803305000 pwm_out=1
Time=2804245000 pwm_out=0
Time=2805865000 pwm_out=1
Time=2806805000 pwm_out=0
Time=2808425000 pwm_out=1
Time=2809365000 pwm_out=0
Time=2810985000 pwm_out=1
Time=2811925000 pwm_out=0
Time=2813545000 pwm_out=1
Time=2814485000 pwm_out=0
Time=2816105000 pwm_out=1
Time=2817045000 pwm_out=0
Time=2818665000 pwm_out=1
Time=2819605000 pwm_out=0
Time=2821225000 pwm_out=1
Time=2822165000 pwm_out=0
Time=2823785000 pwm_out=1
Time=2824725000 pwm_out=0
Time=2826345000 pwm_out=1
Time=2827285000 pwm_out=0
Time=2828905000 pwm_out=1
Time=2829845000 pwm_out=0
Time=2831465000 pwm_out=1
Time=2832405000 pwm_out=0
Time=2834025000 pwm_out=1
Time=2834975000 pwm_out=0
Time=2836585000 pwm_out=1
Time=2837535000 pwm_out=0
Time=2839145000 pwm_out=1
Time=2840095000 pwm_out=0
Time=2841705000 pwm_out=1
Time=2842655000 pwm_out=0
Time=2844265000 pwm_out=1
Time=2845215000 pwm_out=0
Time=2846825000 pwm_out=1
Time=2847775000 pwm_out=0
Time=2849385000 pwm_out=1
Time=2850335000 pwm_out=0
Time=2851945000 pwm_out=1
Time=2852895000 pwm_out=0
Time=2854505000 pwm_out=1
Time=2855455000 pwm_out=0
Time=2857065000 pwm_out=1
Time=2858015000 pwm_out=0
Time=2859625000 pwm_out=1
Time=2860575000 pwm_out=0
Time=2862185000 pwm_out=1
Time=2863145000 pwm_out=0
Time=2864745000 pwm_out=1
Time=2865705000 pwm_out=0
Time=2867305000 pwm_out=1
Time=2868265000 pwm_out=0
Time=2869865000 pwm_out=1
Time=2870825000 pwm_out=0
Time=2872425000 pwm_out=1
Time=2873385000 pwm_out=0
Time=2874985000 pwm_out=1
Time=2875945000 pwm_out=0
Time=2877545000 pwm_out=1
Time=2878505000 pwm_out=0
Time=2880105000 pwm_out=1
Time=2881065000 pwm_out=0
Time=2882665000 pwm_out=1
Time=2883625000 pwm_out=0
Time=2885225000 pwm_out=1
Time=2886185000 pwm_out=0
Time=2887785000 pwm_out=1
Time=2888745000 pwm_out=0
Time=2890345000 pwm_out=1
Time=2891305000 pwm_out=0
Time=2892905000 pwm_out=1
Time=2893875000 pwm_out=0
Time=2895465000 pwm_out=1
Time=2896435000 pwm_out=0
Time=2898025000 pwm_out=1
Time=2898995000 pwm_out=0
Time=2900585000 pwm_out=1
Time=2901555000 pwm_out=0
Time=2903145000 pwm_out=1
Time=2904115000 pwm_out=0
Time=2905705000 pwm_out=1
Time=2906675000 pwm_out=0
Time=2908265000 pwm_out=1
Time=2909235000 pwm_out=0
Time=2910825000 pwm_out=1
Time=2911795000 pwm_out=0
Time=2913385000 pwm_out=1
Time=2914355000 pwm_out=0
Time=2915945000 pwm_out=1
Time=2916915000 pwm_out=0
Time=2918505000 pwm_out=1
Time=2919475000 pwm_out=0
Time=2921065000 pwm_out=1
Time=2922035000 pwm_out=0
Time=2923625000 pwm_out=1
Time=2924605000 pwm_out=0
Time=2926185000 pwm_out=1
Time=2927165000 pwm_out=0
Time=2928745000 pwm_out=1
Time=2929725000 pwm_out=0
Time=2931305000 pwm_out=1
Time=2932285000 pwm_out=0
Time=2933865000 pwm_out=1
Time=2934845000 pwm_out=0
Time=2936425000 pwm_out=1
Time=2937405000 pwm_out=0
Time=2938985000 pwm_out=1
Time=2939965000 pwm_out=0
Time=2941545000 pwm_out=1
Time=2942525000 pwm_out=0
Time=2944105000 pwm_out=1
Time=2945085000 pwm_out=0
Time=2946665000 pwm_out=1
Time=2947645000 pwm_out=0
Time=2949225000 pwm_out=1
Time=2950205000 pwm_out=0
Time=2951785000 pwm_out=1
Time=2952775000 pwm_out=0
Time=2954345000 pwm_out=1
Time=2955335000 pwm_out=0
Time=2956905000 pwm_out=1
Time=2957895000 pwm_out=0
Time=2959465000 pwm_out=1
Time=2960455000 pwm_out=0
Time=2962025000 pwm_out=1
Time=2963015000 pwm_out=0
Time=2964585000 pwm_out=1
Time=2965575000 pwm_out=0
Time=2967145000 pwm_out=1
Time=2968135000 pwm_out=0
Time=2969705000 pwm_out=1
Time=2970695000 pwm_out=0
Time=2972265000 pwm_out=1
Time=2973255000 pwm_out=0
Time=2974825000 pwm_out=1
Time=2975815000 pwm_out=0
Time=2977385000 pwm_out=1
Time=2978375000 pwm_out=0
Time=2979945000 pwm_out=1
Time=2980935000 pwm_out=0
Time=2982505000 pwm_out=1
Time=2983505000 pwm_out=0
Time=2985065000 pwm_out=1
Time=2986065000 pwm_out=0
Time=2987625000 pwm_out=1
Time=2988625000 pwm_out=0
Time=2990185000 pwm_out=1
Time=2991185000 pwm_out=0
Time=2992745000 pwm_out=1
Time=2993745000 pwm_out=0
Time=2995305000 pwm_out=1
Time=2996305000 pwm_out=0
Time=2997865000 pwm_out=1
Time=2998865000 pwm_out=0
Time=3000425000 pwm_out=1
Time=3000855000 pwm_out=0
Test 3: Testing ADSR envelope
Time=6000745000 pwm_out=1
Time=6001005000 pwm_out=0
Time=6003305000 pwm_out=1
Time=6004395000 pwm_out=0
Time=6005865000 pwm_out=1
Time=6006955000 pwm_out=0
Time=6008425000 pwm_out=1
Time=6009525000 pwm_out=0
Time=6010985000 pwm_out=1
Time=6012085000 pwm_out=0
Time=6013545000 pwm_out=1
Time=6014645000 pwm_out=0
Time=6016105000 pwm_out=1
Time=6017205000 pwm_out=0
Time=6018665000 pwm_out=1
Time=6019765000 pwm_out=0
Time=6021225000 pwm_out=1
Time=6022325000 pwm_out=0
Time=6023785000 pwm_out=1
Time=6024895000 pwm_out=0
Time=6026345000 pwm_out=1
Time=6027455000 pwm_out=0
Time=6028905000 pwm_out=1
Time=6030015000 pwm_out=0
Time=6031465000 pwm_out=1
Time=6032575000 pwm_out=0
Time=6034025000 pwm_out=1
Time=6035135000 pwm_out=0
Time=6036585000 pwm_out=1
Time=6037695000 pwm_out=0
Time=6039145000 pwm_out=1
Time=6040255000 pwm_out=0
Time=6041705000 pwm_out=1
Time=6042815000 pwm_out=0
Time=6044265000 pwm_out=1
Time=6045375000 pwm_out=0
Time=6046825000 pwm_out=1
Time=6047935000 pwm_out=0
Time=6049385000 pwm_out=1
Time=6050495000 pwm_out=0
Time=6051945000 pwm_out=1
Time=6053055000 pwm_out=0
Time=6054505000 pwm_out=1
Time=6055625000 pwm_out=0
Time=6057065000 pwm_out=1
Time=6058185000 pwm_out=0
Time=6059625000 pwm_out=1
Time=6060745000 pwm_out=0
Time=6062185000 pwm_out=1
Time=6063305000 pwm_out=0
Time=6064745000 pwm_out=1
Time=6065865000 pwm_out=0
Time=6067305000 pwm_out=1
Time=6068425000 pwm_out=0
Time=6069865000 pwm_out=1
Time=6070995000 pwm_out=0
Time=6072425000 pwm_out=1
Time=6073555000 pwm_out=0
Time=6074985000 pwm_out=1
Time=6076115000 pwm_out=0
Time=6077545000 pwm_out=1
Time=6078675000 pwm_out=0
Time=6080105000 pwm_out=1
Time=6081235000 pwm_out=0
Time=6082665000 pwm_out=1
Time=6083805000 pwm_out=0
Time=6085225000 pwm_out=1
Time=6086365000 pwm_out=0
Time=6087785000 pwm_out=1
Time=6088925000 pwm_out=0
Time=6090345000 pwm_out=1
Time=6091485000 pwm_out=0
Time=6092905000 pwm_out=1
Time=6094045000 pwm_out=0
Time=6095465000 pwm_out=1
Time=6096605000 pwm_out=0
Time=6098025000 pwm_out=1
Time=6099165000 pwm_out=0
Time=6100585000 pwm_out=1
Time=6101725000 pwm_out=0
Time=6103145000 pwm_out=1
Time=6104285000 pwm_out=0
Time=6105705000 pwm_out=1
Time=6106845000 pwm_out=0
Time=6108265000 pwm_out=1
Time=6109405000 pwm_out=0
Time=6110825000 pwm_out=1
Time=6111965000 pwm_out=0
Time=6113385000 pwm_out=1
Time=6114535000 pwm_out=0
Time=6115945000 pwm_out=1
Time=6117095000 pwm_out=0
Time=6118505000 pwm_out=1
Time=6119655000 pwm_out=0
Time=6121065000 pwm_out=1
Time=6122215000 pwm_out=0
Time=6123625000 pwm_out=1
Time=6124775000 pwm_out=0
Time=6126185000 pwm_out=1
Time=6127335000 pwm_out=0
Time=6128745000 pwm_out=1
Time=6129905000 pwm_out=0
Time=6131305000 pwm_out=1
Time=6132465000 pwm_out=0
Time=6133865000 pwm_out=1
Time=6135025000 pwm_out=0
Time=6136425000 pwm_out=1
Time=6137585000 pwm_out=0
Time=6138985000 pwm_out=1
Time=6140145000 pwm_out=0
Time=6141545000 pwm_out=1
Time=6142705000 pwm_out=0
Time=6144105000 pwm_out=1
Time=6145275000 pwm_out=0
Time=6146665000 pwm_out=1
Time=6147835000 pwm_out=0
Time=6149225000 pwm_out=1
Time=6150395000 pwm_out=0
Time=6151785000 pwm_out=1
Time=6152955000 pwm_out=0
Time=6154345000 pwm_out=1
Time=6155515000 pwm_out=0
Time=6156905000 pwm_out=1
Time=6158075000 pwm_out=0
Time=6159465000 pwm_out=1
Time=6160635000 pwm_out=0
Time=6162025000 pwm_out=1
Time=6163195000 pwm_out=0
Time=6164585000 pwm_out=1
Time=6165755000 pwm_out=0
Time=6167145000 pwm_out=1
Time=6168315000 pwm_out=0
Time=6169705000 pwm_out=1
Time=6170875000 pwm_out=0
Time=6172265000 pwm_out=1
Time=6173445000 pwm_out=0
Time=6174825000 pwm_out=1
Time=6176005000 pwm_out=0
Time=6177385000 pwm_out=1
Time=6178565000 pwm_out=0
Time=6179945000 pwm_out=1
Time=6181125000 pwm_out=0
Time=6182505000 pwm_out=1
Time=6183685000 pwm_out=0
Time=6185065000 pwm_out=1
Time=6186245000 pwm_out=0
Time=6187625000 pwm_out=1
Time=6188815000 pwm_out=0
Time=6190185000 pwm_out=1
Time=6191375000 pwm_out=0
Time=6192745000 pwm_out=1
Time=6193935000 pwm_out=0
Time=6195305000 pwm_out=1
Time=6196495000 pwm_out=0
Time=6197865000 pwm_out=1
Time=6199055000 pwm_out=0
Time=6200425000 pwm_out=1
Time=6201615000 pwm_out=0
Time=6202985000 pwm_out=1
Time=6204185000 pwm_out=0
Time=6205545000 pwm_out=1
Time=6206745000 pwm_out=0
Time=6208105000 pwm_out=1
Time=6209305000 pwm_out=0
Time=6210665000 pwm_out=1
Time=6211865000 pwm_out=0
Time=6213225000 pwm_out=1
Time=6214425000 pwm_out=0
Time=6215785000 pwm_out=1
Time=6216985000 pwm_out=0
Time=6218345000 pwm_out=1
Time=6219545000 pwm_out=0
Time=6220905000 pwm_out=1
Time=6222105000 pwm_out=0
Time=6223465000 pwm_out=1
Time=6224665000 pwm_out=0
Time=6226025000 pwm_out=1
Time=6227225000 pwm_out=0
Time=6228585000 pwm_out=1
Time=6229785000 pwm_out=0
Time=6231145000 pwm_out=1
Time=6232345000 pwm_out=0
Time=6233705000 pwm_out=1
Time=6234915000 pwm_out=0
Time=6236265000 pwm_out=1
Time=6237475000 pwm_out=0
Time=6238825000 pwm_out=1
Time=6240035000 pwm_out=0
Time=6241385000 pwm_out=1
Time=6242595000 pwm_out=0
Time=6243945000 pwm_out=1
Time=6245155000 pwm_out=0
Time=6246505000 pwm_out=1
Time=6247715000 pwm_out=0
Time=6249065000 pwm_out=1
Time=6250285000 pwm_out=0
Time=6251625000 pwm_out=1
Time=6252845000 pwm_out=0
Time=6254185000 pwm_out=1
Time=6255405000 pwm_out=0
Time=6256745000 pwm_out=1
Time=6257965000 pwm_out=0
Time=6259305000 pwm_out=1
Time=6260525000 pwm_out=0
Time=6261865000 pwm_out=1
Time=6263095000 pwm_out=0
Time=6264425000 pwm_out=1
Time=6265655000 pwm_out=0
Time=6266985000 pwm_out=1
Time=6268215000 pwm_out=0
Time=6269545000 pwm_out=1
Time=6270775000 pwm_out=0
Time=6272105000 pwm_out=1
Time=6273335000 pwm_out=0
Time=6274665000 pwm_out=1
Time=6275895000 pwm_out=0
Time=6277225000 pwm_out=1
Time=6278455000 pwm_out=0
Time=6279785000 pwm_out=1
Time=6281015000 pwm_out=0
Time=6282345000 pwm_out=1
Time=6283575000 pwm_out=0
Time=6284905000 pwm_out=1
Time=6286135000 pwm_out=0
Time=6287465000 pwm_out=1
Time=6288695000 pwm_out=0
Time=6290025000 pwm_out=1
Time=6291255000 pwm_out=0
Time=6292585000 pwm_out=1
Time=6293825000 pwm_out=0
Time=6295145000 pwm_out=1
Time=6296385000 pwm_out=0
Time=6297705000 pwm_out=1
Time=6298945000 pwm_out=0
Time=6300265000 pwm_out=1
Time=6301505000 pwm_out=0
Time=6302825000 pwm_out=1
Time=6304065000 pwm_out=0
Time=6305385000 pwm_out=1
Time=6306625000 pwm_out=0
Time=6307945000 pwm_out=1
Time=6309195000 pwm_out=0
Time=6310505000 pwm_out=1
Time=6311755000 pwm_out=0
Time=6313065000 pwm_out=1
Time=6314315000 pwm_out=0
Time=6315625000 pwm_out=1
Time=6316875000 pwm_out=0
Time=6318185000 pwm_out=1
Time=6319435000 pwm_out=0
Time=6320745000 pwm_out=1
Time=6321995000 pwm_out=0
Time=6323305000 pwm_out=1
Time=6324565000 pwm_out=0
Time=6325865000 pwm_out=1
Time=6327125000 pwm_out=0
Time=6328425000 pwm_out=1
Time=6329685000 pwm_out=0
Time=6330985000 pwm_out=1
Time=6332245000 pwm_out=0
Time=6333545000 pwm_out=1
Time=6334805000 pwm_out=0
Time=6336105000 pwm_out=1
Time=6337365000 pwm_out=0
Time=6338665000 pwm_out=1
Time=6339925000 pwm_out=0
Time=6341225000 pwm_out=1
Time=6342485000 pwm_out=0
Time=6343785000 pwm_out=1
Time=6345045000 pwm_out=0
Time=6346345000 pwm_out=1
Time=6347605000 pwm_out=0
Time=6348905000 pwm_out=1
Time=6350165000 pwm_out=0
Time=6351465000 pwm_out=1
Time=6352735000 pwm_out=0
Time=6354025000 pwm_out=1
Time=6355295000 pwm_out=0
Time=6356585000 pwm_out=1
Time=6357855000 pwm_out=0
Time=6359145000 pwm_out=1
Time=6360415000 pwm_out=0
Time=6361705000 pwm_out=1
Time=6362975000 pwm_out=0
Time=6364265000 pwm_out=1
Time=6365535000 pwm_out=0
Time=6366825000 pwm_out=1
Time=6368105000 pwm_out=0
Time=6369385000 pwm_out=1
Time=6370665000 pwm_out=0
Time=6371945000 pwm_out=1
Time=6373225000 pwm_out=0
Time=6374505000 pwm_out=1
Time=6375785000 pwm_out=0
Time=6377065000 pwm_out=1
Time=6378345000 pwm_out=0
Time=6379625000 pwm_out=1
Time=6380905000 pwm_out=0
Time=6382185000 pwm_out=1
Time=6383475000 pwm_out=0
Time=6384745000 pwm_out=1
Time=6386035000 pwm_out=0
Time=6387305000 pwm_out=1
Time=6388595000 pwm_out=0
Time=6389865000 pwm_out=1
Time=6391155000 pwm_out=0
Time=6392425000 pwm_out=1
Time=6393715000 pwm_out=0
Time=6394985000 pwm_out=1
Time=6396275000 pwm_out=0
Time=6397545000 pwm_out=1
Time=6398835000 pwm_out=0
Time=6400105000 pwm_out=1
Time=6401395000 pwm_out=0
Time=6402665000 pwm_out=1
Time=6403955000 pwm_out=0
Time=6405225000 pwm_out=1
Time=6406515000 pwm_out=0
Time=6407785000 pwm_out=1
Time=6409075000 pwm_out=0
Time=6410345000 pwm_out=1
Time=6411635000 pwm_out=0
Time=6412905000 pwm_out=1
Time=6414205000 pwm_out=0
Time=6415465000 pwm_out=1
Time=6416765000 pwm_out=0
Time=6418025000 pwm_out=1
Time=6419325000 pwm_out=0
Time=6420585000 pwm_out=1
Time=6421885000 pwm_out=0
Time=6423145000 pwm_out=1
Time=6424445000 pwm_out=0
Time=6425705000 pwm_out=1
Time=6427015000 pwm_out=0
Time=6428265000 pwm_out=1
Time=6429575000 pwm_out=0
Time=6430825000 pwm_out=1
Time=6432135000 pwm_out=0
Time=6433385000 pwm_out=1
Time=6434695000 pwm_out=0
Time=6435945000 pwm_out=1
Time=6437255000 pwm_out=0
Time=6438505000 pwm_out=1
Time=6439815000 pwm_out=0
Time=6441065000 pwm_out=1
Time=6442385000 pwm_out=0
Time=6443625000 pwm_out=1
Time=6444945000 pwm_out=0
Time=6446185000 pwm_out=1
Time=6447505000 pwm_out=0
Time=6448745000 pwm_out=1
Time=6450065000 pwm_out=0
Time=6451305000 pwm_out=1
Time=6452625000 pwm_out=0
Time=6453865000 pwm_out=1
Time=6455185000 pwm_out=0
Time=6456425000 pwm_out=1
Time=6457745000 pwm_out=0
Time=6458985000 pwm_out=1
Time=6460305000 pwm_out=0
Time=6461545000 pwm_out=1
Time=6462865000 pwm_out=0
Time=6464105000 pwm_out=1
Time=6465425000 pwm_out=0
Time=6466665000 pwm_out=1
Time=6467985000 pwm_out=0
Time=6469225000 pwm_out=1
Time=6470545000 pwm_out=0
Time=6471785000 pwm_out=1
Time=6473115000 pwm_out=0
Time=6474345000 pwm_out=1
Time=6475675000 pwm_out=0
Time=6476905000 pwm_out=1
Time=6478235000 pwm_out=0
Time=6479465000 pwm_out=1
Time=6480795000 pwm_out=0
Time=6482025000 pwm_out=1
Time=6483355000 pwm_out=0
Time=6484585000 pwm_out=1
Time=6485915000 pwm_out=0
Time=6487145000 pwm_out=1
Time=6488485000 pwm_out=0
Time=6489705000 pwm_out=1
Time=6491045000 pwm_out=0
Time=6492265000 pwm_out=1
Time=6493605000 pwm_out=0
Time=6494825000 pwm_out=1
Time=6496165000 pwm_out=0
Time=6497385000 pwm_out=1
Time=6498725000 pwm_out=0
Time=6499945000 pwm_out=1
Time=6501295000 pwm_out=0
Time=6502505000 pwm_out=1
Time=6503855000 pwm_out=0
Time=6505065000 pwm_out=1
Time=6506415000 pwm_out=0
Time=6507625000 pwm_out=1
Time=6508975000 pwm_out=0
Time=6510185000 pwm_out=1
Time=6511535000 pwm_out=0
Time=6512745000 pwm_out=1
Time=6514095000 pwm_out=0
Time=6515305000 pwm_out=1
Time=6516655000 pwm_out=0
Time=6517865000 pwm_out=1
Time=6519215000 pwm_out=0
Time=6520425000 pwm_out=1
Time=6521775000 pwm_out=0
Time=6522985000 pwm_out=1
Time=6524335000 pwm_out=0
Time=6525545000 pwm_out=1
Time=6526895000 pwm_out=0
Time=6528105000 pwm_out=1
Time=6529455000 pwm_out=0
Time=6530665000 pwm_out=1
Time=6532025000 pwm_out=0
Time=6533225000 pwm_out=1
Time=6534585000 pwm_out=0
Time=6535785000 pwm_out=1
Time=6537145000 pwm_out=0
Time=6538345000 pwm_out=1
Time=6539705000 pwm_out=0
Time=6540905000 pwm_out=1
Time=6542265000 pwm_out=0
Time=6543465000 pwm_out=1
Time=6544825000 pwm_out=0
Time=6546025000 pwm_out=1
Time=6547395000 pwm_out=0
Time=6548585000 pwm_out=1
Time=6549955000 pwm_out=0
Time=6551145000 pwm_out=1
Time=6552515000 pwm_out=0
Time=6553705000 pwm_out=1
Time=6555075000 pwm_out=0
Time=6556265000 pwm_out=1
Time=6557635000 pwm_out=0
Time=6558825000 pwm_out=1
Time=6560195000 pwm_out=0
Time=6561385000 pwm_out=1
Time=6562765000 pwm_out=0
Time=6563945000 pwm_out=1
Time=6565325000 pwm_out=0
Time=6566505000 pwm_out=1
Time=6567885000 pwm_out=0
Time=6569065000 pwm_out=1
Time=6570445000 pwm_out=0
Time=6571625000 pwm_out=1
Time=6573005000 pwm_out=0
Time=6574185000 pwm_out=1
Time=6575565000 pwm_out=0
Time=6576745000 pwm_out=1
Time=6578125000 pwm_out=0
Time=6579305000 pwm_out=1
Time=6580685000 pwm_out=0
Time=6581865000 pwm_out=1
Time=6583245000 pwm_out=0
Time=6584425000 pwm_out=1
Time=6585805000 pwm_out=0
Time=6586985000 pwm_out=1
Time=6588365000 pwm_out=0
Time=6589545000 pwm_out=1
Time=6590935000 pwm_out=0
Time=6592105000 pwm_out=1
Time=6593495000 pwm_out=0
Time=6594665000 pwm_out=1
Time=6596055000 pwm_out=0
Time=6597225000 pwm_out=1
Time=6598615000 pwm_out=0
Time=6599785000 pwm_out=1
Time=6601175000 pwm_out=0
Time=6602345000 pwm_out=1
Time=6603735000 pwm_out=0
Time=6604905000 pwm_out=1
Time=6606305000 pwm_out=0
Time=6607465000 pwm_out=1
Time=6608865000 pwm_out=0
Time=6610025000 pwm_out=1
Time=6611425000 pwm_out=0
Time=6612585000 pwm_out=1
Time=6613985000 pwm_out=0
Time=6615145000 pwm_out=1
Time=6616545000 pwm_out=0
Time=6617705000 pwm_out=1
Time=6619105000 pwm_out=0
Time=6620265000 pwm_out=1
Time=6621675000 pwm_out=0
Time=6622825000 pwm_out=1
Time=6624235000 pwm_out=0
Time=6625385000 pwm_out=1
Time=6626795000 pwm_out=0
Time=6627945000 pwm_out=1
Time=6629355000 pwm_out=0
Time=6630505000 pwm_out=1
Time=6631915000 pwm_out=0
Time=6633065000 pwm_out=1
Time=6634475000 pwm_out=0
Time=6635625000 pwm_out=1
Time=6637035000 pwm_out=0
Time=6638185000 pwm_out=1
Time=6639595000 pwm_out=0
Time=6640745000 pwm_out=1
Time=6642155000 pwm_out=0
Time=6643305000 pwm_out=1
Time=6644715000 pwm_out=0
Time=6645865000 pwm_out=1
Time=6647275000 pwm_out=0
Time=6648425000 pwm_out=1
Time=6649835000 pwm_out=0
Time=6650985000 pwm_out=1
Time=6652405000 pwm_out=0
Time=6653545000 pwm_out=1
Time=6654965000 pwm_out=0
Time=6656105000 pwm_out=1
Time=6657525000 pwm_out=0
Time=6658665000 pwm_out=1
Time=6660085000 pwm_out=0
Time=6661225000 pwm_out=1
Time=6662645000 pwm_out=0
Time=6663785000 pwm_out=1
Time=6665205000 pwm_out=0
Time=6666345000 pwm_out=1
Time=6667775000 pwm_out=0
Time=6668905000 pwm_out=1
Time=6670335000 pwm_out=0
Time=6671465000 pwm_out=1
Time=6672895000 pwm_out=0
Time=6674025000 pwm_out=1
Time=6675455000 pwm_out=0
Time=6676585000 pwm_out=1
Time=6678015000 pwm_out=0
Time=6679145000 pwm_out=1
Time=6680585000 pwm_out=0
Time=6681705000 pwm_out=1
Time=6683145000 pwm_out=0
Time=6684265000 pwm_out=1
Time=6685705000 pwm_out=0
Time=6686825000 pwm_out=1
Time=6688265000 pwm_out=0
Time=6689385000 pwm_out=1
Time=6690825000 pwm_out=0
Time=6691945000 pwm_out=1
Time=6693385000 pwm_out=0
Time=6694505000 pwm_out=1
Time=6695945000 pwm_out=0
Time=6697065000 pwm_out=1
Time=6698505000 pwm_out=0
Time=6699625000 pwm_out=1
Time=6701065000 pwm_out=0
Time=6702185000 pwm_out=1
Time=6703625000 pwm_out=0
Time=6704745000 pwm_out=1
Time=6706185000 pwm_out=0
Time=6707305000 pwm_out=1
Time=6708745000 pwm_out=0
Time=6709865000 pwm_out=1
Time=6711315000 pwm_out=0
Time=6712425000 pwm_out=1
Time=6713875000 pwm_out=0
Time=6714985000 pwm_out=1
Time=6716435000 pwm_out=0
Time=6717545000 pwm_out=1
Time=6718995000 pwm_out=0
Time=6720105000 pwm_out=1
Time=6721555000 pwm_out=0
Time=6722665000 pwm_out=1
Time=6724115000 pwm_out=0
Time=6725225000 pwm_out=1
Time=6726685000 pwm_out=0
Time=6727785000 pwm_out=1
Time=6729245000 pwm_out=0
Time=6730345000 pwm_out=1
Time=6731805000 pwm_out=0
Time=6732905000 pwm_out=1
Time=6734365000 pwm_out=0
Time=6735465000 pwm_out=1
Time=6736925000 pwm_out=0
Time=6738025000 pwm_out=1
Time=6739485000 pwm_out=0
Time=6740585000 pwm_out=1
Time=6742055000 pwm_out=0
Time=6743145000 pwm_out=1
Time=6744615000 pwm_out=0
Time=6745705000 pwm_out=1
Time=6747175000 pwm_out=0
Time=6748265000 pwm_out=1
Time=6749735000 pwm_out=0
Time=6750825000 pwm_out=1
Time=6752295000 pwm_out=0
Time=6753385000 pwm_out=1
Time=6754855000 pwm_out=0
Time=6755945000 pwm_out=1
Time=6757415000 pwm_out=0
Time=6758505000 pwm_out=1
Time=6759975000 pwm_out=0
Time=6761065000 pwm_out=1
Time=6762535000 pwm_out=0
Time=6763625000 pwm_out=1
Time=6765095000 pwm_out=0
Time=6766185000 pwm_out=1
Time=6767655000 pwm_out=0
Time=6768745000 pwm_out=1
Time=6770225000 pwm_out=0
Time=6771305000 pwm_out=1
Time=6772785000 pwm_out=0
Time=6773865000 pwm_out=1
Time=6775345000 pwm_out=0
Time=6776425000 pwm_out=1
Time=6777905000 pwm_out=0
Time=6778985000 pwm_out=1
Time=6780465000 pwm_out=0
Time=6781545000 pwm_out=1
Time=6783025000 pwm_out=0
Time=6784105000 pwm_out=1
Time=6785595000 pwm_out=0
Time=6786665000 pwm_out=1
Time=6788155000 pwm_out=0
Time=6789225000 pwm_out=1
Time=6790715000 pwm_out=0
Time=6791785000 pwm_out=1
Time=6793275000 pwm_out=0
Time=6794345000 pwm_out=1
Time=6795835000 pwm_out=0
Time=6796905000 pwm_out=1
Time=6798395000 pwm_out=0
Time=6799465000 pwm_out=1
Time=6800965000 pwm_out=0
Time=6802025000 pwm_out=1
Time=6803525000 pwm_out=0
Time=6804585000 pwm_out=1
Time=6806085000 pwm_out=0
Time=6807145000 pwm_out=1
Time=6808645000 pwm_out=0
Time=6809705000 pwm_out=1
Time=6811205000 pwm_out=0
Time=6812265000 pwm_out=1
Time=6813765000 pwm_out=0
Time=6814825000 pwm_out=1
Time=6816325000 pwm_out=0
Time=6817385000 pwm_out=1
Time=6818885000 pwm_out=0
Time=6819945000 pwm_out=1
Time=6821445000 pwm_out=0
Time=6822505000 pwm_out=1
Time=6824005000 pwm_out=0
Time=6825065000 pwm_out=1
Time=6826565000 pwm_out=0
Time=6827625000 pwm_out=1
Time=6829125000 pwm_out=0
Time=6830185000 pwm_out=1
Time=6831695000 pwm_out=0
Time=6832745000 pwm_out=1
Time=6834255000 pwm_out=0
Time=6835305000 pwm_out=1
Time=6836815000 pwm_out=0
Time=6837865000 pwm_out=1
Time=6839375000 pwm_out=0
Time=6840425000 pwm_out=1
Time=6841935000 pwm_out=0
Time=6842985000 pwm_out=1
Time=6844505000 pwm_out=0
Time=6845545000 pwm_out=1
Time=6847065000 pwm_out=0
Time=6848105000 pwm_out=1
Time=6849625000 pwm_out=0
Time=6850665000 pwm_out=1
Time=6852185000 pwm_out=0
Time=6853225000 pwm_out=1
Time=6854745000 pwm_out=0
Time=6855785000 pwm_out=1
Time=6857305000 pwm_out=0
Time=6858345000 pwm_out=1
Time=6859875000 pwm_out=0
Time=6860905000 pwm_out=1
Time=6862435000 pwm_out=0
Time=6863465000 pwm_out=1
Time=6864995000 pwm_out=0
Time=6866025000 pwm_out=1
Time=6867555000 pwm_out=0
Time=6868585000 pwm_out=1
Time=6870115000 pwm_out=0
Time=6871145000 pwm_out=1
Time=6872675000 pwm_out=0
Time=6873705000 pwm_out=1
Time=6875235000 pwm_out=0
Time=6876265000 pwm_out=1
Time=6877795000 pwm_out=0
Time=6878825000 pwm_out=1
Time=6880355000 pwm_out=0
Time=6881385000 pwm_out=1
Time=6882915000 pwm_out=0
Time=6883945000 pwm_out=1
Time=6885475000 pwm_out=0
Time=6886505000 pwm_out=1
Time=6888035000 pwm_out=0
Time=6889065000 pwm_out=1
Time=6890605000 pwm_out=0
Time=6891625000 pwm_out=1
Time=6893165000 pwm_out=0
Time=6894185000 pwm_out=1
Time=6895725000 pwm_out=0
Time=6896745000 pwm_out=1
Time=6898285000 pwm_out=0
Time=6899305000 pwm_out=1
Time=6900845000 pwm_out=0
Time=6901865000 pwm_out=1
Time=6903405000 pwm_out=0
Time=6904425000 pwm_out=1
Time=6905975000 pwm_out=0
Time=6906985000 pwm_out=1
Time=6908535000 pwm_out=0
Time=6909545000 pwm_out=1
Time=6911095000 pwm_out=0
Time=6912105000 pwm_out=1
Time=6913655000 pwm_out=0
Time=6914665000 pwm_out=1
Time=6916215000 pwm_out=0
Time=6917225000 pwm_out=1
Time=6918785000 pwm_out=0
Time=6919785000 pwm_out=1
Time=6921345000 pwm_out=0
Time=6922345000 pwm_out=1
Time=6923905000 pwm_out=0
Time=6924905000 pwm_out=1
Time=6926465000 pwm_out=0
Time=6927465000 pwm_out=1
Time=6929025000 pwm_out=0
Time=6930025000 pwm_out=1
Time=6931585000 pwm_out=0
Time=6932585000 pwm_out=1
Time=6934145000 pwm_out=0
Time=6935145000 pwm_out=1
Time=6936705000 pwm_out=0
Time=6937705000 pwm_out=1
Time=6939265000 pwm_out=0
Time=6940265000 pwm_out=1
Time=6941825000 pwm_out=0
Time=6942825000 pwm_out=1
Time=6944385000 pwm_out=0
Time=6945385000 pwm_out=1
Time=6946945000 pwm_out=0
Time=6947945000 pwm_out=1
Time=6949515000 pwm_out=0
Time=6950505000 pwm_out=1
Time=6952075000 pwm_out=0
Time=6953065000 pwm_out=1
Time=6954635000 pwm_out=0
Time=6955625000 pwm_out=1
Time=6957195000 pwm_out=0
Time=6958185000 pwm_out=1
Time=6959755000 pwm_out=0
Time=6960745000 pwm_out=1
Time=6962315000 pwm_out=0
Time=6963305000 pwm_out=1
Time=6964885000 pwm_out=0
Time=6965865000 pwm_out=1
Time=6967445000 pwm_out=0
Time=6968425000 pwm_out=1
Time=6970005000 pwm_out=0
Time=6970985000 pwm_out=1
Time=6972565000 pwm_out=0
Time=6973545000 pwm_out=1
Time=6975125000 pwm_out=0
Time=6976105000 pwm_out=1
Time=6977685000 pwm_out=0
Time=6978665000 pwm_out=1
Time=6980255000 pwm_out=0
Time=6981225000 pwm_out=1
Time=6982815000 pwm_out=0
Time=6983785000 pwm_out=1
Time=6985375000 pwm_out=0
Time=6986345000 pwm_out=1
Time=6987935000 pwm_out=0
Time=6988905000 pwm_out=1
Time=6990495000 pwm_out=0
Time=6991465000 pwm_out=1
Time=6993055000 pwm_out=0
Time=6994025000 pwm_out=1
Time=6995615000 pwm_out=0
Time=6996585000 pwm_out=1
Time=6998175000 pwm_out=0
Time=6999145000 pwm_out=1
Time=7000735000 pwm_out=0
Time=7001705000 pwm_out=1
Time=7003295000 pwm_out=0
Time=7004265000 pwm_out=1
Time=7005855000 pwm_out=0
Time=7006825000 pwm_out=1
Time=7008425000 pwm_out=0
Time=7009385000 pwm_out=1
Time=7010985000 pwm_out=0
Time=7011945000 pwm_out=1
Time=7013545000 pwm_out=0
Time=7014505000 pwm_out=1
Time=7016105000 pwm_out=0
Time=7017065000 pwm_out=1
Time=7018665000 pwm_out=0
Time=7019625000 pwm_out=1
Time=7021225000 pwm_out=0
Time=7022185000 pwm_out=1
Time=7023795000 pwm_out=0
Time=7024745000 pwm_out=1
Time=7026355000 pwm_out=0
Time=7027305000 pwm_out=1
Time=7028915000 pwm_out=0
Time=7029865000 pwm_out=1
Time=7031475000 pwm_out=0
Time=7032425000 pwm_out=1
Time=7034035000 pwm_out=0
Time=7034985000 pwm_out=1
Time=7036595000 pwm_out=0
Time=7037545000 pwm_out=1
Time=7039165000 pwm_out=0
Time=7040105000 pwm_out=1
Time=7041725000 pwm_out=0
Time=7042665000 pwm_out=1
Time=7044285000 pwm_out=0
Time=7045225000 pwm_out=1
Time=7046845000 pwm_out=0
Time=7047785000 pwm_out=1
Time=7049405000 pwm_out=0
Time=7050345000 pwm_out=1
Time=7051965000 pwm_out=0
Time=7052905000 pwm_out=1
Time=7054525000 pwm_out=0
Time=7055465000 pwm_out=1
Time=7057085000 pwm_out=0
Time=7058025000 pwm_out=1
Time=7059645000 pwm_out=0
Time=7060585000 pwm_out=1
Time=7062205000 pwm_out=0
Time=7063145000 pwm_out=1
Time=7064765000 pwm_out=0
Time=7065705000 pwm_out=1
Time=7067325000 pwm_out=0
Time=7068265000 pwm_out=1
Time=7069895000 pwm_out=0
Time=7070825000 pwm_out=1
Time=7072455000 pwm_out=0
Time=7073385000 pwm_out=1
Time=7075015000 pwm_out=0
Time=7075945000 pwm_out=1
Time=7077575000 pwm_out=0
Time=7078505000 pwm_out=1
Time=7080135000 pwm_out=0
Time=7081065000 pwm_out=1
Time=7082695000 pwm_out=0
Time=7083625000 pwm_out=1
Time=7085265000 pwm_out=0
Time=7086185000 pwm_out=1
Time=7087825000 pwm_out=0
Time=7088745000 pwm_out=1
Time=7090385000 pwm_out=0
Time=7091305000 pwm_out=1
Time=7092945000 pwm_out=0
Time=7093865000 pwm_out=1
Time=7095505000 pwm_out=0
Time=7096425000 pwm_out=1
Time=7098075000 pwm_out=0
Time=7098985000 pwm_out=1
Time=7100635000 pwm_out=0
Time=7101545000 pwm_out=1
Time=7103195000 pwm_out=0
Time=7104105000 pwm_out=1
Time=7105755000 pwm_out=0
Time=7106665000 pwm_out=1
Time=7108315000 pwm_out=0
Time=7109225000 pwm_out=1
Time=7110875000 pwm_out=0
Time=7111785000 pwm_out=1
Time=7113435000 pwm_out=0
Time=7114345000 pwm_out=1
Time=7115995000 pwm_out=0
Time=7116905000 pwm_out=1
Time=7118555000 pwm_out=0
Time=7119465000 pwm_out=1
Time=7121115000 pwm_out=0
Time=7122025000 pwm_out=1
Time=7123675000 pwm_out=0
Time=7124585000 pwm_out=1
Time=7126235000 pwm_out=0
Time=7127145000 pwm_out=1
Time=7128805000 pwm_out=0
Time=7129705000 pwm_out=1
Time=7131365000 pwm_out=0
Time=7132265000 pwm_out=1
Time=7133925000 pwm_out=0
Time=7134825000 pwm_out=1
Time=7136485000 pwm_out=0
Time=7137385000 pwm_out=1
Time=7139045000 pwm_out=0
Time=7139945000 pwm_out=1
Time=7141605000 pwm_out=0
Time=7142505000 pwm_out=1
Time=7144175000 pwm_out=0
Time=7145065000 pwm_out=1
Time=7146735000 pwm_out=0
Time=7147625000 pwm_out=1
Time=7149295000 pwm_out=0
Time=7150185000 pwm_out=1
Time=7151855000 pwm_out=0
Time=7152745000 pwm_out=1
Time=7154415000 pwm_out=0
Time=7155305000 pwm_out=1
Time=7156975000 pwm_out=0
Time=7157865000 pwm_out=1
Time=7159545000 pwm_out=0
Time=7160425000 pwm_out=1
Time=7162105000 pwm_out=0
Time=7162985000 pwm_out=1
Time=7164665000 pwm_out=0
Time=7165545000 pwm_out=1
Time=7167225000 pwm_out=0
Time=7168105000 pwm_out=1
Time=7169785000 pwm_out=0
Time=7170665000 pwm_out=1
Time=7172345000 pwm_out=0
Time=7173225000 pwm_out=1
Time=7174905000 pwm_out=0
Time=7175785000 pwm_out=1
Time=7177465000 pwm_out=0
Time=7178345000 pwm_out=1
Time=7180025000 pwm_out=0
Time=7180905000 pwm_out=1
Time=7182585000 pwm_out=0
Time=7183465000 pwm_out=1
Time=7185145000 pwm_out=0
Time=7186025000 pwm_out=1
Time=7187715000 pwm_out=0
Time=7188585000 pwm_out=1
Time=7190275000 pwm_out=0
Time=7191145000 pwm_out=1
Time=7192835000 pwm_out=0
Time=7193705000 pwm_out=1
Time=7195395000 pwm_out=0
Time=7196265000 pwm_out=1
Time=7197955000 pwm_out=0
Time=7198825000 pwm_out=1
Time=7200515000 pwm_out=0
Time=7201385000 pwm_out=1
Time=7203085000 pwm_out=0
Time=7203945000 pwm_out=1
Time=7205645000 pwm_out=0
Time=7206505000 pwm_out=1
Time=7208205000 pwm_out=0
Time=7209065000 pwm_out=1
Time=7210765000 pwm_out=0
Time=7211625000 pwm_out=1
Time=7213325000 pwm_out=0
Time=7214185000 pwm_out=1
Time=7215885000 pwm_out=0
Time=7216745000 pwm_out=1
Time=7218455000 pwm_out=0
Time=7219305000 pwm_out=1
Time=7221015000 pwm_out=0
Time=7221865000 pwm_out=1
Time=7223575000 pwm_out=0
Time=7224425000 pwm_out=1
Time=7226135000 pwm_out=0
Time=7226985000 pwm_out=1
Time=7228695000 pwm_out=0
Time=7229545000 pwm_out=1
Time=7231255000 pwm_out=0
Time=7232105000 pwm_out=1
Time=7233815000 pwm_out=0
Time=7234665000 pwm_out=1
Time=7236375000 pwm_out=0
Time=7237225000 pwm_out=1
Time=7238935000 pwm_out=0
Time=7239785000 pwm_out=1
Time=7241495000 pwm_out=0
Time=7242345000 pwm_out=1
Time=7244055000 pwm_out=0
Time=7244905000 pwm_out=1
Time=7246615000 pwm_out=0
Time=7247465000 pwm_out=1
Time=7249185000 pwm_out=0
Time=7250025000 pwm_out=1
Time=7251745000 pwm_out=0
Time=7252585000 pwm_out=1
Time=7254305000 pwm_out=0
Time=7255145000 pwm_out=1
Time=7256865000 pwm_out=0
Time=7257705000 pwm_out=1
Time=7259425000 pwm_out=0
Time=7260265000 pwm_out=1
Time=7261995000 pwm_out=0
Time=7262825000 pwm_out=1
Time=7264555000 pwm_out=0
Time=7265385000 pwm_out=1
Time=7267115000 pwm_out=0
Time=7267945000 pwm_out=1
Time=7269675000 pwm_out=0
Time=7270505000 pwm_out=1
Time=7272235000 pwm_out=0
Time=7273065000 pwm_out=1
Time=7274795000 pwm_out=0
Time=7275625000 pwm_out=1
Time=7277365000 pwm_out=0
Time=7278185000 pwm_out=1
Time=7279925000 pwm_out=0
Time=7280745000 pwm_out=1
Time=7282485000 pwm_out=0
Time=7283305000 pwm_out=1
Time=7285045000 pwm_out=0
Time=7285865000 pwm_out=1
Time=7287605000 pwm_out=0
Time=7288425000 pwm_out=1
Time=7290165000 pwm_out=0
Time=7290985000 pwm_out=1
Time=7292725000 pwm_out=0
Time=7293545000 pwm_out=1
Time=7295285000 pwm_out=0
Time=7296105000 pwm_out=1
Time=7297845000 pwm_out=0
Time=7298665000 pwm_out=1
Time=7300405000 pwm_out=0
Time=7301225000 pwm_out=1
Time=7302965000 pwm_out=0
Time=7303785000 pwm_out=1
Time=7305525000 pwm_out=0
Time=7306345000 pwm_out=1
Time=7308095000 pwm_out=0
Time=7308905000 pwm_out=1
Time=7310655000 pwm_out=0
Time=7311465000 pwm_out=1
Time=7313215000 pwm_out=0
Time=7314025000 pwm_out=1
Time=7315775000 pwm_out=0
Time=7316585000 pwm_out=1
Time=7318335000 pwm_out=0
Time=7319145000 pwm_out=1
Time=7320895000 pwm_out=0
Time=7321705000 pwm_out=1
Time=7323465000 pwm_out=0
Time=7324265000 pwm_out=1
Time=7326025000 pwm_out=0
Time=7326825000 pwm_out=1
Time=7328585000 pwm_out=0
Time=7329385000 pwm_out=1
Time=7331145000 pwm_out=0
Time=7331945000 pwm_out=1
Time=7333705000 pwm_out=0
Time=7334505000 pwm_out=1
Time=7336275000 pwm_out=0
Time=7337065000 pwm_out=1
Time=7338835000 pwm_out=0
Time=7339625000 pwm_out=1
Time=7341395000 pwm_out=0
Time=7342185000 pwm_out=1
Time=7343955000 pwm_out=0
Time=7344745000 pwm_out=1
Time=7346515000 pwm_out=0
Time=7347305000 pwm_out=1
Time=7349075000 pwm_out=0
Time=7349865000 pwm_out=1
Time=7351635000 pwm_out=0
Time=7352425000 pwm_out=1
Time=7354195000 pwm_out=0
Time=7354985000 pwm_out=1
Time=7356755000 pwm_out=0
Time=7357545000 pwm_out=1
Time=7359315000 pwm_out=0
Time=7360105000 pwm_out=1
Time=7361875000 pwm_out=0
Time=7362665000 pwm_out=1
Time=7364435000 pwm_out=0
Time=7365225000 pwm_out=1
Time=7367005000 pwm_out=0
Time=7367785000 pwm_out=1
Time=7369565000 pwm_out=0
Time=7370345000 pwm_out=1
Time=7372125000 pwm_out=0
Time=7372905000 pwm_out=1
Time=7374685000 pwm_out=0
Time=7375465000 pwm_out=1
Time=7377245000 pwm_out=0
Time=7378025000 pwm_out=1
Time=7379805000 pwm_out=0
Time=7380585000 pwm_out=1
Time=7382375000 pwm_out=0
Time=7383145000 pwm_out=1
Time=7384935000 pwm_out=0
Time=7385705000 pwm_out=1
Time=7387495000 pwm_out=0
Time=7388265000 pwm_out=1
Time=7390055000 pwm_out=0
Time=7390825000 pwm_out=1
Time=7392615000 pwm_out=0
Time=7393385000 pwm_out=1
Time=7395175000 pwm_out=0
Time=7395945000 pwm_out=1
Time=7397745000 pwm_out=0
Time=7398505000 pwm_out=1
Time=7400305000 pwm_out=0
Time=7401065000 pwm_out=1
Time=7402865000 pwm_out=0
Time=7403625000 pwm_out=1
Time=7405425000 pwm_out=0
Time=7406185000 pwm_out=1
Time=7407985000 pwm_out=0
Time=7408745000 pwm_out=1
Time=7410545000 pwm_out=0
Time=7411305000 pwm_out=1
Time=7413105000 pwm_out=0
Time=7413865000 pwm_out=1
Time=7415665000 pwm_out=0
Time=7416425000 pwm_out=1
Time=7418225000 pwm_out=0
Time=7418985000 pwm_out=1
Time=7420785000 pwm_out=0
Time=7421545000 pwm_out=1
Time=7423345000 pwm_out=0
Time=7424105000 pwm_out=1
Time=7425915000 pwm_out=0
Time=7426665000 pwm_out=1
Time=7428475000 pwm_out=0
Time=7429225000 pwm_out=1
Time=7431035000 pwm_out=0
Time=7431785000 pwm_out=1
Time=7433595000 pwm_out=0
Time=7434345000 pwm_out=1
Time=7436155000 pwm_out=0
Time=7436905000 pwm_out=1
Time=7438715000 pwm_out=0
Time=7439465000 pwm_out=1
Time=7441285000 pwm_out=0
Time=7442025000 pwm_out=1
Time=7443845000 pwm_out=0
Time=7444585000 pwm_out=1
Time=7446405000 pwm_out=0
Time=7447145000 pwm_out=1
Time=7448965000 pwm_out=0
Time=7449705000 pwm_out=1
Time=7451525000 pwm_out=0
Time=7452265000 pwm_out=1
Time=7454085000 pwm_out=0
Time=7454825000 pwm_out=1
Time=7456655000 pwm_out=0
Time=7457385000 pwm_out=1
Time=7459215000 pwm_out=0
Time=7459945000 pwm_out=1
Time=7461775000 pwm_out=0
Time=7462505000 pwm_out=1
Time=7464335000 pwm_out=0
Time=7465065000 pwm_out=1
Time=7466895000 pwm_out=0
Time=7467625000 pwm_out=1
Time=7469455000 pwm_out=0
Time=7470185000 pwm_out=1
Time=7472015000 pwm_out=0
Time=7472745000 pwm_out=1
Time=7474575000 pwm_out=0
Time=7475305000 pwm_out=1
Time=7477135000 pwm_out=0
Time=7477865000 pwm_out=1
Time=7479695000 pwm_out=0
Time=7480425000 pwm_out=1
Time=7482255000 pwm_out=0
Time=7482985000 pwm_out=1
Time=7484815000 pwm_out=0
Time=7485545000 pwm_out=1
Time=7487385000 pwm_out=0
Time=7488105000 pwm_out=1
Time=7489945000 pwm_out=0
Time=7490665000 pwm_out=1
Time=7492505000 pwm_out=0
Time=7493225000 pwm_out=1
Time=7495065000 pwm_out=0
Time=7495785000 pwm_out=1
Time=7497625000 pwm_out=0
Time=7498345000 pwm_out=1
Time=7500185000 pwm_out=0
Time=7500905000 pwm_out=1
Time=7502755000 pwm_out=0
Time=7503465000 pwm_out=1
Time=7505315000 pwm_out=0
Time=7506025000 pwm_out=1
Time=7507875000 pwm_out=0
Time=7508585000 pwm_out=1
Time=7510435000 pwm_out=0
Time=7511145000 pwm_out=1
Time=7512995000 pwm_out=0
Time=7513705000 pwm_out=1
Time=7515565000 pwm_out=0
Time=7516265000 pwm_out=1
Time=7518125000 pwm_out=0
Time=7518825000 pwm_out=1
Time=7520685000 pwm_out=0
Time=7521385000 pwm_out=1
Time=7523245000 pwm_out=0
Time=7523945000 pwm_out=1
Time=7525805000 pwm_out=0
Time=7526505000 pwm_out=1
Time=7528365000 pwm_out=0
Time=7529065000 pwm_out=1
Time=7530925000 pwm_out=0
Time=7531625000 pwm_out=1
Time=7533485000 pwm_out=0
Time=7534185000 pwm_out=1
Time=7536045000 pwm_out=0
Time=7536745000 pwm_out=1
Time=7538605000 pwm_out=0
Time=7539305000 pwm_out=1
Time=7541165000 pwm_out=0
Time=7541865000 pwm_out=1
Time=7543725000 pwm_out=0
Time=7544425000 pwm_out=1
Time=7546295000 pwm_out=0
Time=7546985000 pwm_out=1
Time=7548855000 pwm_out=0
Time=7549545000 pwm_out=1
Time=7551415000 pwm_out=0
Time=7552105000 pwm_out=1
Time=7553975000 pwm_out=0
Time=7554665000 pwm_out=1
Time=7556535000 pwm_out=0
Time=7557225000 pwm_out=1
Time=7559095000 pwm_out=0
Time=7559785000 pwm_out=1
Time=7561665000 pwm_out=0
Time=7562345000 pwm_out=1
Time=7564225000 pwm_out=0
Time=7564905000 pwm_out=1
Time=7566785000 pwm_out=0
Time=7567465000 pwm_out=1
Time=7569345000 pwm_out=0
Time=7570025000 pwm_out=1
Time=7571905000 pwm_out=0
Time=7572585000 pwm_out=1
Time=7574465000 pwm_out=0
Time=7575145000 pwm_out=1
Time=7577035000 pwm_out=0
Time=7577705000 pwm_out=1
Time=7579595000 pwm_out=0
Time=7580265000 pwm_out=1
Time=7582155000 pwm_out=0
Time=7582825000 pwm_out=1
Time=7584715000 pwm_out=0
Time=7585385000 pwm_out=1
Time=7587275000 pwm_out=0
Time=7587945000 pwm_out=1
Time=7589835000 pwm_out=0
Time=7590505000 pwm_out=1
Time=7592395000 pwm_out=0
Time=7593065000 pwm_out=1
Time=7594955000 pwm_out=0
Time=7595625000 pwm_out=1
Time=7597515000 pwm_out=0
Time=7598185000 pwm_out=1
Time=7600075000 pwm_out=0
Time=7600745000 pwm_out=1
Time=7602635000 pwm_out=0
Time=7603305000 pwm_out=1
Time=7605205000 pwm_out=0
Time=7605865000 pwm_out=1
Time=7607765000 pwm_out=0
Time=7608425000 pwm_out=1
Time=7610325000 pwm_out=0
Time=7610985000 pwm_out=1
Time=7612885000 pwm_out=0
Time=7613545000 pwm_out=1
Time=7615445000 pwm_out=0
Time=7616105000 pwm_out=1
Time=7618005000 pwm_out=0
Time=7618665000 pwm_out=1
Time=7620575000 pwm_out=0
Time=7621225000 pwm_out=1
Time=7623135000 pwm_out=0
Time=7623785000 pwm_out=1
Time=7625695000 pwm_out=0
Time=7626345000 pwm_out=1
Time=7628255000 pwm_out=0
Time=7628905000 pwm_out=1
Time=7630815000 pwm_out=0
Time=7631465000 pwm_out=1
Time=7633375000 pwm_out=0
Time=7634025000 pwm_out=1
Time=7634395000 pwm_out=0
Time=7664745000 pwm_out=1
Time=7664755000 pwm_out=0
Time=7667305000 pwm_out=1
Time=7667315000 pwm_out=0
Time=7669865000 pwm_out=1
Time=7669875000 pwm_out=0
Time=7672425000 pwm_out=1
Time=7672435000 pwm_out=0
Time=7674985000 pwm_out=1
Time=7674995000 pwm_out=0
Time=7677545000 pwm_out=1
Time=7677555000 pwm_out=0
Time=7680105000 pwm_out=1
Time=7680125000 pwm_out=0
Time=7682665000 pwm_out=1
Time=7682685000 pwm_out=0
Time=7685225000 pwm_out=1
Time=7685245000 pwm_out=0
Time=7687785000 pwm_out=1
Time=7687805000 pwm_out=0
Time=7690345000 pwm_out=1
Time=7690365000 pwm_out=0
Time=7692905000 pwm_out=1
Time=7692925000 pwm_out=0
Time=7695465000 pwm_out=1
Time=7695495000 pwm_out=0
Time=7698025000 pwm_out=1
Time=7698055000 pwm_out=0
Time=7700585000 pwm_out=1
Time=7700615000 pwm_out=0
Time=7703145000 pwm_out=1
Time=7703175000 pwm_out=0
Time=7705705000 pwm_out=1
Time=7705735000 pwm_out=0
Time=7708265000 pwm_out=1
Time=7708295000 pwm_out=0
Time=7710825000 pwm_out=1
Time=7710855000 pwm_out=0
Time=7713385000 pwm_out=1
Time=7713415000 pwm_out=0
Time=7715945000 pwm_out=1
Time=7715975000 pwm_out=0
Time=7718505000 pwm_out=1
Time=7718535000 pwm_out=0
Time=7721065000 pwm_out=1
Time=7721095000 pwm_out=0
Time=7723625000 pwm_out=1
Time=7723655000 pwm_out=0
Time=7726185000 pwm_out=1
Time=7726225000 pwm_out=0
Time=7728745000 pwm_out=1
Time=7728785000 pwm_out=0
Time=7731305000 pwm_out=1
Time=7731345000 pwm_out=0
Time=7733865000 pwm_out=1
Time=7733905000 pwm_out=0
Time=7736425000 pwm_out=1
Time=7736465000 pwm_out=0
Time=7738985000 pwm_out=1
Time=7739035000 pwm_out=0
Time=7741545000 pwm_out=1
Time=7741595000 pwm_out=0
Time=7744105000 pwm_out=1
Time=7744155000 pwm_out=0
Time=7746665000 pwm_out=1
Time=7746715000 pwm_out=0
Time=7749225000 pwm_out=1
Time=7749275000 pwm_out=0
Time=7751785000 pwm_out=1
Time=7751835000 pwm_out=0
Time=7754345000 pwm_out=1
Time=7754405000 pwm_out=0
Time=7756905000 pwm_out=1
Time=7756965000 pwm_out=0
Time=7759465000 pwm_out=1
Time=7759525000 pwm_out=0
Time=7762025000 pwm_out=1
Time=7762085000 pwm_out=0
Time=7764585000 pwm_out=1
Time=7764645000 pwm_out=0
Time=7767145000 pwm_out=1
Time=7767205000 pwm_out=0
Time=7769705000 pwm_out=1
Time=7769765000 pwm_out=0
Time=7772265000 pwm_out=1
Time=7772325000 pwm_out=0
Time=7774825000 pwm_out=1
Time=7774885000 pwm_out=0
Time=7777385000 pwm_out=1
Time=7777445000 pwm_out=0
Time=7779945000 pwm_out=1
Time=7780005000 pwm_out=0
Time=7782505000 pwm_out=1
Time=7782565000 pwm_out=0
Time=7785065000 pwm_out=1
Time=7785135000 pwm_out=0
Time=7787625000 pwm_out=1
Time=7787695000 pwm_out=0
Time=7790185000 pwm_out=1
Time=7790255000 pwm_out=0
Time=7792745000 pwm_out=1
Time=7792815000 pwm_out=0
Time=7795305000 pwm_out=1
Time=7795375000 pwm_out=0
Time=7797865000 pwm_out=1
Time=7797935000 pwm_out=0
Time=7800425000 pwm_out=1
Time=7800505000 pwm_out=0
Time=7802985000 pwm_out=1
Time=7803065000 pwm_out=0
Time=7805545000 pwm_out=1
Time=7805625000 pwm_out=0
Time=7808105000 pwm_out=1
Time=7808185000 pwm_out=0
Time=7810665000 pwm_out=1
Time=7810745000 pwm_out=0
Time=7813225000 pwm_out=1
Time=7813305000 pwm_out=0
Time=7815785000 pwm_out=1
Time=7815875000 pwm_out=0
Time=7818345000 pwm_out=1
Time=7818435000 pwm_out=0
Time=7820905000 pwm_out=1
Time=7820995000 pwm_out=0
Time=7823465000 pwm_out=1
Time=7823555000 pwm_out=0
Time=7826025000 pwm_out=1
Time=7826115000 pwm_out=0
Time=7828585000 pwm_out=1
Time=7828675000 pwm_out=0
Time=7831145000 pwm_out=1
Time=7831235000 pwm_out=0
Time=7833705000 pwm_out=1
Time=7833795000 pwm_out=0
Time=7836265000 pwm_out=1
Time=7836355000 pwm_out=0
Time=7838825000 pwm_out=1
Time=7838915000 pwm_out=0
Time=7841385000 pwm_out=1
Time=7841475000 pwm_out=0
Time=7843945000 pwm_out=1
Time=7844045000 pwm_out=0
Time=7846505000 pwm_out=1
Time=7846605000 pwm_out=0
Time=7849065000 pwm_out=1
Time=7849165000 pwm_out=0
Time=7851625000 pwm_out=1
Time=7851725000 pwm_out=0
Time=7854185000 pwm_out=1
Time=7854285000 pwm_out=0
Time=7856745000 pwm_out=1
Time=7856845000 pwm_out=0
Time=7859305000 pwm_out=1
Time=7859415000 pwm_out=0
Time=7861865000 pwm_out=1
Time=7861975000 pwm_out=0
Time=7864425000 pwm_out=1
Time=7864535000 pwm_out=0
Time=7866985000 pwm_out=1
Time=7867095000 pwm_out=0
Time=7869545000 pwm_out=1
Time=7869655000 pwm_out=0
Time=7872105000 pwm_out=1
Time=7872215000 pwm_out=0
Time=7874665000 pwm_out=1
Time=7874785000 pwm_out=0
Time=7877225000 pwm_out=1
Time=7877345000 pwm_out=0
Time=7879785000 pwm_out=1
Time=7879905000 pwm_out=0
Time=7882345000 pwm_out=1
Time=7882465000 pwm_out=0
Time=7884905000 pwm_out=1
Time=7885025000 pwm_out=0
Time=7887465000 pwm_out=1
Time=7887585000 pwm_out=0
Time=7890025000 pwm_out=1
Time=7890145000 pwm_out=0
Time=7892585000 pwm_out=1
Time=7892705000 pwm_out=0
Time=7895145000 pwm_out=1
Time=7895265000 pwm_out=0
Time=7897705000 pwm_out=1
Time=7897825000 pwm_out=0
Time=7900265000 pwm_out=1
Time=7900385000 pwm_out=0
Time=7902825000 pwm_out=1
Time=7902955000 pwm_out=0
Time=7905385000 pwm_out=1
Time=7905515000 pwm_out=0
Time=7907945000 pwm_out=1
Time=7908075000 pwm_out=0
Time=7910505000 pwm_out=1
Time=791063