srcscan starts
INFO: analyzing module clk_div (VERI-9002)
INFO: analyzing module midi_to_freq (VERI-9002)
INFO: analyzing module note_sel (VERI-9002)
INFO: analyzing module saw_wav_gen (VERI-9002)
INFO: analyzing module saw_wav_gen_tb (VERI-9002)
INFO: analyzing module sin_wav_gen (VERI-9002)
INFO: analyzing module sqr_wav_gen (VERI-9002)
INFO: analyzing module synth (VERI-9002)
INFO: analyzing module top (VERI-9002)
INFO: analyzing module tri_wav_gen (VERI-9002)
INFO: analyzing module wav_selector (VERI-9002)
Listing tops:
VeriTop library:xil_defaultlib mod:clk_div
VeriTop library:xil_defaultlib mod:note_sel
VeriTop library:xil_defaultlib mod:saw_wav_gen_tb
VeriTop library:xil_defaultlib mod:top
VeriTop library:xil_defaultlib mod:wav_selector
END of tops
C:/Users/ltpie/Documents/GitHub/COMPE475/final_project_1_3/final_project_1_3.srcs/sources_1/new/clk_div.v(24): INFO: compiling module 'clk_div_default' (VERI-1018)
C:/Users/ltpie/Documents/GitHub/COMPE475/final_project_1_3/final_project_1_3.srcs/sources_1/new/note_sel.v(23): INFO: compiling module 'note_sel_default' (VERI-1018)
C:/Users/ltpie/Documents/GitHub/COMPE475/final_project_1_3/final_project_1_3.srcs/sim_2/new/saw_wav_gen_tb.v(22): INFO: compiling module 'saw_wav_gen_tb_default' (VERI-1018)
C:/Users/ltpie/Documents/GitHub/COMPE475/final_project_1_3/final_project_1_3.srcs/sources_1/new/top.v(23): INFO: compiling module 'top_default' (VERI-1018)
C:/Users/ltpie/Documents/GitHub/COMPE475/final_project_1_3/final_project_1_3.srcs/sources_1/new/wav_selector.v(23): INFO: compiling module 'wav_selector_default' (VERI-1018)
C:/Users/ltpie/Documents/GitHub/COMPE475/final_project_1_3/final_project_1_3.srcs/sources_1/new/wav_selector.v(32): ERROR: concurrent assignment to a non-net 'wav_out' is not permitted (VERI-1195)
C:/Users/ltpie/Documents/GitHub/COMPE475/final_project_1_3/final_project_1_3.srcs/sources_1/new/wav_selector.v(33): ERROR: concurrent assignment to a non-net 'wav_out' is not permitted (VERI-1195)
C:/Users/ltpie/Documents/GitHub/COMPE475/final_project_1_3/final_project_1_3.srcs/sources_1/new/wav_selector.v(34): ERROR: concurrent assignment to a non-net 'wav_out' is not permitted (VERI-1195)
C:/Users/ltpie/Documents/GitHub/COMPE475/final_project_1_3/final_project_1_3.srcs/sources_1/new/wav_selector.v(35): ERROR: concurrent assignment to a non-net 'wav_out' is not permitted (VERI-1195)
srcscan exits with return value 0
