srcscan starts
INFO: analyzing module saw_wav_gen (VERI-9002)
INFO: analyzing module wav_selector (VERI-9002)
INFO: analyzing module sin_wav_gen (VERI-9002)
INFO: analyzing module midi_to_freq (VERI-9002)
INFO: analyzing module synth (VERI-9002)
INFO: analyzing module sqr_wav_gen (VERI-9002)
INFO: analyzing module tri_wav_gen (VERI-9002)
INFO: analyzing module top (VERI-9002)
INFO: analyzing module clk_div (VERI-9002)
INFO: analyzing module note_sel (VERI-9002)
INFO: analyzing module saw_wav_gen_tb (VERI-9002)
INFO: analyzing module saw_wav_gen (VERI-9002)
C:/Users/ltpie/AppData/Local/Temp/VivadoEditorAssist14504330669009836781.tmp(22): WARNING: overwriting previous definition of module 'saw_wav_gen' (VERI-1206)
INFO: analyzing module wav_selector (VERI-9002)
C:/Users/ltpie/Documents/GitHub/COMPE475/final_project_1_3/final_project_1_3.srcs/sources_1/new/wav_selector.v(23): WARNING: overwriting previous definition of module 'wav_selector' (VERI-1206)
INFO: analyzing module sin_wav_gen (VERI-9002)
C:/Users/ltpie/Documents/GitHub/COMPE475/final_project_1_3/final_project_1_3.srcs/sources_1/new/sin_wav_gen.v(23): WARNING: overwriting previous definition of module 'sin_wav_gen' (VERI-1206)
INFO: analyzing module midi_to_freq (VERI-9002)
C:/Users/ltpie/Documents/GitHub/COMPE475/final_project_1_3/final_project_1_3.srcs/sources_1/new/midi_to_freq.v(23): WARNING: overwriting previous definition of module 'midi_to_freq' (VERI-1206)
INFO: analyzing module synth (VERI-9002)
C:/Users/ltpie/Documents/GitHub/COMPE475/final_project_1_3/final_project_1_3.srcs/sources_1/new/synth.v(23): WARNING: overwriting previous definition of module 'synth' (VERI-1206)
INFO: analyzing module sqr_wav_gen (VERI-9002)
C:/Users/ltpie/Documents/GitHub/COMPE475/final_project_1_3/final_project_1_3.srcs/sources_1/new/sqr_wav_gen.v(23): WARNING: overwriting previous definition of module 'sqr_wav_gen' (VERI-1206)
INFO: analyzing module tri_wav_gen (VERI-9002)
C:/Users/ltpie/Documents/GitHub/COMPE475/final_project_1_3/final_project_1_3.srcs/sources_1/new/tri_wav_gen.v(23): WARNING: overwriting previous definition of module 'tri_wav_gen' (VERI-1206)
INFO: analyzing module top (VERI-9002)
C:/Users/ltpie/Documents/GitHub/COMPE475/final_project_1_3/final_project_1_3.srcs/sources_1/new/top.v(23): WARNING: overwriting previous definition of module 'top' (VERI-1206)
INFO: analyzing module clk_div (VERI-9002)
C:/Users/ltpie/Documents/GitHub/COMPE475/final_project_1_3/final_project_1_3.srcs/sources_1/new/clk_div.v(24): WARNING: overwriting previous definition of module 'clk_div' (VERI-1206)
INFO: analyzing module note_sel (VERI-9002)
C:/Users/ltpie/Documents/GitHub/COMPE475/final_project_1_3/final_project_1_3.srcs/sources_1/new/note_sel.v(23): WARNING: overwriting previous definition of module 'note_sel' (VERI-1206)
INFO: analyzing module saw_wav_gen_tb (VERI-9002)
C:/Users/ltpie/AppData/Local/Temp/VivadoEditorAssist3216249750868242017.tmp(22): WARNING: overwriting previous definition of module 'saw_wav_gen_tb' (VERI-1206)
srcscan exits with return value 0
