
*** Running vivado
    with args -log top.vds -m64 -product Vivado -mode batch -messageDb vivado.pb -notrace -source top.tcl


ECHO is off.
ECHO is off.

****** Vivado v2023.2 (64-bit)
  **** SW Build 4029153 on Fri Oct 13 20:14:34 MDT 2023
  **** IP Build 4028589 on Sat Oct 14 00:45:43 MDT 2023
  **** SharedData Build 4025554 on Tue Oct 10 17:18:54 MDT 2023
    ** Copyright 1986-2022 Xilinx, Inc. All Rights Reserved.
    ** Copyright 2022-2023 Advanced Micro Devices, Inc. All Rights Reserved.

source top.tcl -notrace
create_project: Time (s): cpu = 00:00:05 ; elapsed = 00:00:06 . Memory (MB): peak = 485.820 ; gain = 183.402
Command: synth_design -top top -part xc7a35tcpg236-1
Starting synth_design
Attempting to get a license for feature 'Synthesis' and/or device 'xc7a35t'
INFO: [Common 17-349] Got license for feature 'Synthesis' and/or device 'xc7a35t'
INFO: [Synth 8-7079] Multithreading enabled for synth_design using a maximum of 2 processes.
INFO: [Synth 8-7078] Launching helper process for spawning children vivado processes
INFO: [Synth 8-7075] Helper process launched with PID 38776
---------------------------------------------------------------------------------
Starting Synthesize : Time (s): cpu = 00:00:05 ; elapsed = 00:00:07 . Memory (MB): peak = 934.926 ; gain = 441.125
---------------------------------------------------------------------------------
INFO: [Synth 8-6157] synthesizing module 'top' [C:/Users/ltpie/Documents/GitHub/COMPE475/verimoog_1_7/verimoog_1_7.srcs/sources_1/imports/new/top.v:22]
INFO: [Synth 8-6157] synthesizing module 'midi_input' [C:/Users/ltpie/Documents/GitHub/COMPE475/verimoog_1_7/verimoog_1_7.srcs/sources_1/imports/new/midi_input.v:45]
INFO: [Synth 8-155] case statement is not full and has no default [C:/Users/ltpie/Documents/GitHub/COMPE475/verimoog_1_7/verimoog_1_7.srcs/sources_1/imports/new/midi_input.v:99]
INFO: [Synth 8-6155] done synthesizing module 'midi_input' (0#1) [C:/Users/ltpie/Documents/GitHub/COMPE475/verimoog_1_7/verimoog_1_7.srcs/sources_1/imports/new/midi_input.v:45]
WARNING: [Synth 8-6104] Input port 'midi_note' has an internal driver [C:/Users/ltpie/Documents/GitHub/COMPE475/verimoog_1_7/verimoog_1_7.srcs/sources_1/imports/new/top.v:46]
WARNING: [Synth 8-6104] Input port 'note_on' has an internal driver [C:/Users/ltpie/Documents/GitHub/COMPE475/verimoog_1_7/verimoog_1_7.srcs/sources_1/imports/new/top.v:47]
WARNING: [Synth 8-6104] Input port 'note_valid' has an internal driver [C:/Users/ltpie/Documents/GitHub/COMPE475/verimoog_1_7/verimoog_1_7.srcs/sources_1/imports/new/top.v:48]
INFO: [Synth 8-6157] synthesizing module 'synth' [C:/Users/ltpie/Documents/GitHub/COMPE475/verimoog_1_7/verimoog_1_7.srcs/sources_1/imports/new/synth.v:64]
INFO: [Synth 8-6157] synthesizing module 'midi_to_freq' [C:/Users/ltpie/Documents/GitHub/COMPE475/verimoog_1_7/verimoog_1_7.srcs/sources_1/imports/new/midi_to_freq.v:54]
INFO: [Synth 8-6155] done synthesizing module 'midi_to_freq' (0#1) [C:/Users/ltpie/Documents/GitHub/COMPE475/verimoog_1_7/verimoog_1_7.srcs/sources_1/imports/new/midi_to_freq.v:54]
INFO: [Synth 8-6157] synthesizing module 'wav_selector' [C:/Users/ltpie/Documents/GitHub/COMPE475/verimoog_1_7/verimoog_1_7.srcs/sources_1/imports/new/wav_selector.v:60]
INFO: [Synth 8-6157] synthesizing module 'sqr_wav_gen' [C:/Users/ltpie/Documents/GitHub/COMPE475/verimoog_1_7/verimoog_1_7.srcs/sources_1/imports/new/sqr_wav_gen.v:55]
INFO: [Synth 8-6155] done synthesizing module 'sqr_wav_gen' (0#1) [C:/Users/ltpie/Documents/GitHub/COMPE475/verimoog_1_7/verimoog_1_7.srcs/sources_1/imports/new/sqr_wav_gen.v:55]
INFO: [Synth 8-6157] synthesizing module 'sin_wav_gen' [C:/Users/ltpie/Documents/GitHub/COMPE475/verimoog_1_7/verimoog_1_7.srcs/sources_1/imports/new/sin_wav_gen.v:56]
ERROR: [Synth 8-27] non-constant real-valued expression not supported [C:/Users/ltpie/Documents/GitHub/COMPE475/verimoog_1_7/verimoog_1_7.srcs/sources_1/imports/new/sin_wav_gen.v:103]
ERROR: [Synth 8-6156] failed synthesizing module 'sin_wav_gen' [C:/Users/ltpie/Documents/GitHub/COMPE475/verimoog_1_7/verimoog_1_7.srcs/sources_1/imports/new/sin_wav_gen.v:56]
ERROR: [Synth 8-6156] failed synthesizing module 'wav_selector' [C:/Users/ltpie/Documents/GitHub/COMPE475/verimoog_1_7/verimoog_1_7.srcs/sources_1/imports/new/wav_selector.v:60]
ERROR: [Synth 8-6156] failed synthesizing module 'synth' [C:/Users/ltpie/Documents/GitHub/COMPE475/verimoog_1_7/verimoog_1_7.srcs/sources_1/imports/new/synth.v:64]
ERROR: [Synth 8-6156] failed synthesizing module 'top' [C:/Users/ltpie/Documents/GitHub/COMPE475/verimoog_1_7/verimoog_1_7.srcs/sources_1/imports/new/top.v:22]
---------------------------------------------------------------------------------
Finished Synthesize : Time (s): cpu = 00:00:06 ; elapsed = 00:00:09 . Memory (MB): peak = 1041.449 ; gain = 547.648
---------------------------------------------------------------------------------
synthesize failed
INFO: [Common 17-83] Releasing license: Synthesis
16 Infos, 3 Warnings, 0 Critical Warnings and 6 Errors encountered.
synth_design failed
ERROR: [Common 17-69] Command failed: Vivado Synthesis failed
INFO: [Common 17-206] Exiting Vivado at Wed Dec  4 10:57:21 2024...
