INFO: [VRFC 10-2263] Analyzing Verilog file "C:/Users/ltpie/Desktop/fuckVivado2/Lab_4_3/Lab_4_3.srcs/sources_1/new/clk_gen.v" into library xil_defaultlib
INFO: [VRFC 10-311] analyzing module clk_gen
INFO: [VRFC 10-2263] Analyzing Verilog file "C:/Users/ltpie/Desktop/fuckVivado2/Lab_4_3/Lab_4_3.srcs/sources_1/new/uart_tx.v" into library xil_defaultlib
INFO: [VRFC 10-311] analyzing module uart_tx
ERROR: [VRFC 10-2989] 'counter' is not declared [C:/Users/ltpie/Desktop/fuckVivado2/Lab_4_3/Lab_4_3.srcs/sources_1/new/uart_tx.v:53]
ERROR: [VRFC 10-2989] 'bit_index' is not declared [C:/Users/ltpie/Desktop/fuckVivado2/Lab_4_3/Lab_4_3.srcs/sources_1/new/uart_tx.v:56]
ERROR: [VRFC 10-2989] 'shift_reg_tx' is not declared [C:/Users/ltpie/Desktop/fuckVivado2/Lab_4_3/Lab_4_3.srcs/sources_1/new/uart_tx.v:72]
ERROR: [VRFC 10-2989] 'bit_index' is not declared [C:/Users/ltpie/Desktop/fuckVivado2/Lab_4_3/Lab_4_3.srcs/sources_1/new/uart_tx.v:73]
ERROR: [VRFC 10-2989] 'counter' is not declared [C:/Users/ltpie/Desktop/fuckVivado2/Lab_4_3/Lab_4_3.srcs/sources_1/new/uart_tx.v:79]
ERROR: [VRFC 10-2989] 'counter' is not declared [C:/Users/ltpie/Desktop/fuckVivado2/Lab_4_3/Lab_4_3.srcs/sources_1/new/uart_tx.v:80]
ERROR: [VRFC 10-2989] 'shift_reg_tx' is not declared [C:/Users/ltpie/Desktop/fuckVivado2/Lab_4_3/Lab_4_3.srcs/sources_1/new/uart_tx.v:85]
ERROR: [VRFC 10-2989] 'counter' is not declared [C:/Users/ltpie/Desktop/fuckVivado2/Lab_4_3/Lab_4_3.srcs/sources_1/new/uart_tx.v:86]
ERROR: [VRFC 10-2989] 'counter' is not declared [C:/Users/ltpie/Desktop/fuckVivado2/Lab_4_3/Lab_4_3.srcs/sources_1/new/uart_tx.v:87]
ERROR: [VRFC 10-2989] 'bit_index' is not declared [C:/Users/ltpie/Desktop/fuckVivado2/Lab_4_3/Lab_4_3.srcs/sources_1/new/uart_tx.v:88]
ERROR: [VRFC 10-2989] 'bit_index' is not declared [C:/Users/ltpie/Desktop/fuckVivado2/Lab_4_3/Lab_4_3.srcs/sources_1/new/uart_tx.v:91]
ERROR: [VRFC 10-2989] 'counter' is not declared [C:/Users/ltpie/Desktop/fuckVivado2/Lab_4_3/Lab_4_3.srcs/sources_1/new/uart_tx.v:97]
ERROR: [VRFC 10-2989] 'counter' is not declared [C:/Users/ltpie/Desktop/fuckVivado2/Lab_4_3/Lab_4_3.srcs/sources_1/new/uart_tx.v:98]
ERROR: [VRFC 10-2989] 'counter' is not declared [C:/Users/ltpie/Desktop/fuckVivado2/Lab_4_3/Lab_4_3.srcs/sources_1/new/uart_tx.v:109]
ERROR: [VRFC 10-2989] 'bit_index' is not declared [C:/Users/ltpie/Desktop/fuckVivado2/Lab_4_3/Lab_4_3.srcs/sources_1/new/uart_tx.v:110]
ERROR: [VRFC 10-2989] 'counter' is not declared [C:/Users/ltpie/Desktop/fuckVivado2/Lab_4_3/Lab_4_3.srcs/sources_1/new/uart_tx.v:113]
ERROR: [VRFC 10-2989] 'counter' is not declared [C:/Users/ltpie/Desktop/fuckVivado2/Lab_4_3/Lab_4_3.srcs/sources_1/new/uart_tx.v:114]
ERROR: [VRFC 10-2989] 'bit_index' is not declared [C:/Users/ltpie/Desktop/fuckVivado2/Lab_4_3/Lab_4_3.srcs/sources_1/new/uart_tx.v:116]
ERROR: [VRFC 10-2989] 'bit_index' is not declared [C:/Users/ltpie/Desktop/fuckVivado2/Lab_4_3/Lab_4_3.srcs/sources_1/new/uart_tx.v:117]
INFO: [#UNDEF] Sorry, too many errors..
