********************************************************************************
* Unified simulation Tcl App stack trace dump
*
* File: .usf.tcl_error.log (Mon Dec  9 02:13:44 2024)
*
* This file is generated by the unified simulation automation and contains the
* tcl stack trace of error returned by the simulator App for the current run.
*
********************************************************************************
ERROR: [Common 17-161] Invalid option value '' specified for 'object'.

    while executing
"get_property "top"                               $a_sim_vars(fs_obj)"
    (procedure "xcs_set_common_vars" line 68)
    invoked from within
"xcs_set_common_vars a_sim_vars a_sim_mode_types"
    (procedure "usf_init_vars" line 12)
    invoked from within
"usf_init_vars"
    (procedure "tclapp::xilinx::xsim::setup" line 13)
    invoked from within
"tclapp::xilinx::xsim::setup { -simset Wave Generators -mode behavioral -run_dir {C:/Users/ltpie/Documents/GitHub/COMPE475/verimoog_2_0/verimoog_2_0.si..."
