Vivado Simulator v2023.2
Copyright 1986-2022 Xilinx, Inc. All Rights Reserved.
Copyright 2022-2023 Advanced Micro Devices, Inc. All Rights Reserved.
Running: D:/Xilnix/Vivado/2023.2/bin/unwrapped/win64.o/xelab.exe --incr --debug typical --relax --mt 2 -L xil_defaultlib -L unisims_ver -L unimacro_ver -L secureip --snapshot synth_tb_behav xil_defaultlib.synth_tb xil_defaultlib.glbl -log elaborate.log 
Using 2 slave threads.
Starting static elaboration
Pass Through NonSizing Optimizer
Completed static elaboration
Starting simulation data flow analysis
Completed simulation data flow analysis
Time Resolution for simulation is 1ps
Compiling module xil_defaultlib.voice_manager
Compiling module xil_defaultlib.midi_to_freq
Compiling module xil_defaultlib.sqr_wav_gen
Compiling module xil_defaultlib.sin_wav_gen
Compiling module xil_defaultlib.saw_wav_gen
Compiling module xil_defaultlib.tri_wav_gen
Compiling module xil_defaultlib.wav_selector
Compiling module xil_defaultlib.adsr_envelope
Compiling module xil_defaultlib.voice_mixer
Compiling module xil_defaultlib.synth_default
Compiling module xil_defaultlib.synth_tb
Compiling module xil_defaultlib.glbl
Built simulation snapshot synth_tb_behav
