Copyright 1986-2022 Xilinx, Inc. All Rights Reserved. Copyright 2022-2023 Advanced Micro Devices, Inc. All Rights Reserved.
-----------------------------------------------------------------------------------------------------------------------------------------------
| Tool Version : Vivado v.2023.2 (win64) Build 4029153 Fri Oct 13 20:14:34 MDT 2023
| Date         : Wed Dec  4 11:51:24 2024
| Host         : HI-PC3 running 64-bit major release  (build 9200)
| Command      : report_methodology -file top_methodology_drc_routed.rpt -pb top_methodology_drc_routed.pb -rpx top_methodology_drc_routed.rpx
| Design       : top
| Device       : xc7a35tcpg236-1
| Speed File   : -1
| Design State : Fully Routed
-----------------------------------------------------------------------------------------------------------------------------------------------

Report Methodology

Table of Contents
-----------------
1. REPORT SUMMARY
2. REPORT DETAILS

1. REPORT SUMMARY
-----------------
            Netlist: netlist
          Floorplan: design_1
      Design limits: <entire design considered>
             Max violations: <unlimited>
             Violations found: 148
+-----------+----------+-------------------------------+------------+
| Rule      | Severity | Description                   | Violations |
+-----------+----------+-------------------------------+------------+
| TIMING-16 | Warning  | Large setup violation         | 139        |
| TIMING-18 | Warning  | Missing input or output delay | 9          |
+-----------+----------+-------------------------------+------------+

2. REPORT DETAILS
-----------------
TIMING-16#1 Warning
Large setup violation  
There is a large setup violation of -1.017 ns between synth_inst/wav_sel_inst/sin_wav_inst/wav_out_reg/CLKARDCLK (clocked by sys_clk_pin) and synth_inst/adsr_inst/mult_temp_reg[14]/D (clocked by sys_clk_pin). Large setup violations at the end of those stages might be difficult to fix during the post-placement implementation flow and could be the result of non-optimal XDC constraints or non-optimal design architecture
Related violations: <none>

TIMING-16#2 Warning
Large setup violation  
There is a large setup violation of -1.038 ns between synth_inst/wav_sel_inst/sin_wav_inst/wav_out_reg/CLKARDCLK (clocked by sys_clk_pin) and synth_inst/adsr_inst/mult_temp_reg[12]/D (clocked by sys_clk_pin). Large setup violations at the end of those stages might be difficult to fix during the post-placement implementation flow and could be the result of non-optimal XDC constraints or non-optimal design architecture
Related violations: <none>

TIMING-16#3 Warning
Large setup violation  
There is a large setup violation of -1.086 ns between synth_inst/wav_sel_inst/sin_wav_inst/wav_out_reg/CLKARDCLK (clocked by sys_clk_pin) and synth_inst/adsr_inst/mult_temp_reg[15]/D (clocked by sys_clk_pin). Large setup violations at the end of those stages might be difficult to fix during the post-placement implementation flow and could be the result of non-optimal XDC constraints or non-optimal design architecture
Related violations: <none>

TIMING-16#4 Warning
Large setup violation  
There is a large setup violation of -19.630 ns between midi_input_inst/midi_note_reg[0]/C (clocked by sys_clk_pin) and synth_inst/wav_sel_inst/saw_wav_inst/phase_increment_reg[0]/D (clocked by sys_clk_pin). Large setup violations at the end of those stages might be difficult to fix during the post-placement implementation flow and could be the result of non-optimal XDC constraints or non-optimal design architecture
Related violations: <none>

TIMING-16#5 Warning
Large setup violation  
There is a large setup violation of -19.867 ns between midi_input_inst/midi_note_reg[0]/C (clocked by sys_clk_pin) and synth_inst/wav_sel_inst/saw_wav_inst/phase_increment_reg[29]/D (clocked by sys_clk_pin). Large setup violations at the end of those stages might be difficult to fix during the post-placement implementation flow and could be the result of non-optimal XDC constraints or non-optimal design architecture
Related violations: <none>

TIMING-16#6 Warning
Large setup violation  
There is a large setup violation of -19.874 ns between midi_input_inst/midi_note_reg[0]/C (clocked by sys_clk_pin) and synth_inst/wav_sel_inst/saw_wav_inst/phase_increment_reg[28]/D (clocked by sys_clk_pin). Large setup violations at the end of those stages might be difficult to fix during the post-placement implementation flow and could be the result of non-optimal XDC constraints or non-optimal design architecture
Related violations: <none>

TIMING-16#7 Warning
Large setup violation  
There is a large setup violation of -19.878 ns between midi_input_inst/midi_note_reg[0]/C (clocked by sys_clk_pin) and synth_inst/wav_sel_inst/saw_wav_inst/phase_increment_reg[31]/D (clocked by sys_clk_pin). Large setup violations at the end of those stages might be difficult to fix during the post-placement implementation flow and could be the result of non-optimal XDC constraints or non-optimal design architecture
Related violations: <none>

TIMING-16#8 Warning
Large setup violation  
There is a large setup violation of -19.985 ns between midi_input_inst/midi_note_reg[0]/C (clocked by sys_clk_pin) and synth_inst/wav_sel_inst/saw_wav_inst/phase_increment_reg[25]/D (clocked by sys_clk_pin). Large setup violations at the end of those stages might be difficult to fix during the post-placement implementation flow and could be the result of non-optimal XDC constraints or non-optimal design architecture
Related violations: <none>

TIMING-16#9 Warning
Large setup violation  
There is a large setup violation of -19.989 ns between midi_input_inst/midi_note_reg[0]/C (clocked by sys_clk_pin) and synth_inst/wav_sel_inst/saw_wav_inst/phase_increment_reg[27]/D (clocked by sys_clk_pin). Large setup violations at the end of those stages might be difficult to fix during the post-placement implementation flow and could be the result of non-optimal XDC constraints or non-optimal design architecture
Related violations: <none>

TIMING-16#10 Warning
Large setup violation  
There is a large setup violation of -20.026 ns between midi_input_inst/midi_note_reg[0]/C (clocked by sys_clk_pin) and synth_inst/wav_sel_inst/saw_wav_inst/phase_increment_reg[30]/D (clocked by sys_clk_pin). Large setup violations at the end of those stages might be difficult to fix during the post-placement implementation flow and could be the result of non-optimal XDC constraints or non-optimal design architecture
Related violations: <none>

TIMING-16#11 Warning
Large setup violation  
There is a large setup violation of -20.054 ns between midi_input_inst/midi_note_reg[0]/C (clocked by sys_clk_pin) and synth_inst/wav_sel_inst/saw_wav_inst/phase_increment_reg[26]/D (clocked by sys_clk_pin). Large setup violations at the end of those stages might be difficult to fix during the post-placement implementation flow and could be the result of non-optimal XDC constraints or non-optimal design architecture
Related violations: <none>

TIMING-16#12 Warning
Large setup violation  
There is a large setup violation of -20.062 ns between midi_input_inst/midi_note_reg[0]/C (clocked by sys_clk_pin) and synth_inst/wav_sel_inst/saw_wav_inst/phase_increment_reg[21]/D (clocked by sys_clk_pin). Large setup violations at the end of those stages might be difficult to fix during the post-placement implementation flow and could be the result of non-optimal XDC constraints or non-optimal design architecture
Related violations: <none>

TIMING-16#13 Warning
Large setup violation  
There is a large setup violation of -20.064 ns between midi_input_inst/midi_note_reg[0]/C (clocked by sys_clk_pin) and synth_inst/wav_sel_inst/saw_wav_inst/phase_increment_reg[19]/D (clocked by sys_clk_pin). Large setup violations at the end of those stages might be difficult to fix during the post-placement implementation flow and could be the result of non-optimal XDC constraints or non-optimal design architecture
Related violations: <none>

TIMING-16#14 Warning
Large setup violation  
There is a large setup violation of -20.076 ns between midi_input_inst/midi_note_reg[0]/C (clocked by sys_clk_pin) and synth_inst/wav_sel_inst/saw_wav_inst/phase_increment_reg[23]/D (clocked by sys_clk_pin). Large setup violations at the end of those stages might be difficult to fix during the post-placement implementation flow and could be the result of non-optimal XDC constraints or non-optimal design architecture
Related violations: <none>

TIMING-16#15 Warning
Large setup violation  
There is a large setup violation of -20.078 ns between midi_input_inst/midi_note_reg[0]/C (clocked by sys_clk_pin) and synth_inst/wav_sel_inst/saw_wav_inst/phase_increment_reg[10]/D (clocked by sys_clk_pin). Large setup violations at the end of those stages might be difficult to fix during the post-placement implementation flow and could be the result of non-optimal XDC constraints or non-optimal design architecture
Related violations: <none>

TIMING-16#16 Warning
Large setup violation  
There is a large setup violation of -20.081 ns between midi_input_inst/midi_note_reg[0]/C (clocked by sys_clk_pin) and synth_inst/wav_sel_inst/saw_wav_inst/phase_increment_reg[22]/D (clocked by sys_clk_pin). Large setup violations at the end of those stages might be difficult to fix during the post-placement implementation flow and could be the result of non-optimal XDC constraints or non-optimal design architecture
Related violations: <none>

TIMING-16#17 Warning
Large setup violation  
There is a large setup violation of -20.108 ns between midi_input_inst/midi_note_reg[0]/C (clocked by sys_clk_pin) and synth_inst/wav_sel_inst/saw_wav_inst/phase_increment_reg[24]/D (clocked by sys_clk_pin). Large setup violations at the end of those stages might be difficult to fix during the post-placement implementation flow and could be the result of non-optimal XDC constraints or non-optimal design architecture
Related violations: <none>

TIMING-16#18 Warning
Large setup violation  
There is a large setup violation of -20.132 ns between midi_input_inst/midi_note_reg[0]/C (clocked by sys_clk_pin) and synth_inst/wav_sel_inst/saw_wav_inst/phase_increment_reg[8]/D (clocked by sys_clk_pin). Large setup violations at the end of those stages might be difficult to fix during the post-placement implementation flow and could be the result of non-optimal XDC constraints or non-optimal design architecture
Related violations: <none>

TIMING-16#19 Warning
Large setup violation  
There is a large setup violation of -20.134 ns between midi_input_inst/midi_note_reg[0]/C (clocked by sys_clk_pin) and synth_inst/wav_sel_inst/saw_wav_inst/phase_increment_reg[15]/D (clocked by sys_clk_pin). Large setup violations at the end of those stages might be difficult to fix during the post-placement implementation flow and could be the result of non-optimal XDC constraints or non-optimal design architecture
Related violations: <none>

TIMING-16#20 Warning
Large setup violation  
There is a large setup violation of -20.140 ns between midi_input_inst/midi_note_reg[0]/C (clocked by sys_clk_pin) and synth_inst/wav_sel_inst/saw_wav_inst/phase_increment_reg[11]/D (clocked by sys_clk_pin). Large setup violations at the end of those stages might be difficult to fix during the post-placement implementation flow and could be the result of non-optimal XDC constraints or non-optimal design architecture
Related violations: <none>

TIMING-16#21 Warning
Large setup violation  
There is a large setup violation of -20.142 ns between midi_input_inst/midi_note_reg[0]/C (clocked by sys_clk_pin) and synth_inst/wav_sel_inst/saw_wav_inst/phase_increment_reg[12]/D (clocked by sys_clk_pin). Large setup violations at the end of those stages might be difficult to fix during the post-placement implementation flow and could be the result of non-optimal XDC constraints or non-optimal design architecture
Related violations: <none>

TIMING-16#22 Warning
Large setup violation  
There is a large setup violation of -20.143 ns between midi_input_inst/midi_note_reg[0]/C (clocked by sys_clk_pin) and synth_inst/wav_sel_inst/saw_wav_inst/phase_increment_reg[9]/D (clocked by sys_clk_pin). Large setup violations at the end of those stages might be difficult to fix during the post-placement implementation flow and could be the result of non-optimal XDC constraints or non-optimal design architecture
Related violations: <none>

TIMING-16#23 Warning
Large setup violation  
There is a large setup violation of -20.189 ns between midi_input_inst/midi_note_reg[0]/C (clocked by sys_clk_pin) and synth_inst/wav_sel_inst/saw_wav_inst/phase_increment_reg[2]/D (clocked by sys_clk_pin). Large setup violations at the end of those stages might be difficult to fix during the post-placement implementation flow and could be the result of non-optimal XDC constraints or non-optimal design architecture
Related violations: <none>

TIMING-16#24 Warning
Large setup violation  
There is a large setup violation of -20.191 ns between midi_input_inst/midi_note_reg[0]/C (clocked by sys_clk_pin) and synth_inst/wav_sel_inst/saw_wav_inst/phase_increment_reg[5]/D (clocked by sys_clk_pin). Large setup violations at the end of those stages might be difficult to fix during the post-placement implementation flow and could be the result of non-optimal XDC constraints or non-optimal design architecture
Related violations: <none>

TIMING-16#25 Warning
Large setup violation  
There is a large setup violation of -20.198 ns between midi_input_inst/midi_note_reg[0]/C (clocked by sys_clk_pin) and synth_inst/wav_sel_inst/saw_wav_inst/phase_increment_reg[16]/D (clocked by sys_clk_pin). Large setup violations at the end of those stages might be difficult to fix during the post-placement implementation flow and could be the result of non-optimal XDC constraints or non-optimal design architecture
Related violations: <none>

TIMING-16#26 Warning
Large setup violation  
There is a large setup violation of -20.227 ns between midi_input_inst/midi_note_reg[0]/C (clocked by sys_clk_pin) and synth_inst/wav_sel_inst/saw_wav_inst/phase_increment_reg[7]/D (clocked by sys_clk_pin). Large setup violations at the end of those stages might be difficult to fix during the post-placement implementation flow and could be the result of non-optimal XDC constraints or non-optimal design architecture
Related violations: <none>

TIMING-16#27 Warning
Large setup violation  
There is a large setup violation of -20.237 ns between midi_input_inst/midi_note_reg[0]/C (clocked by sys_clk_pin) and synth_inst/wav_sel_inst/saw_wav_inst/phase_increment_reg[6]/D (clocked by sys_clk_pin). Large setup violations at the end of those stages might be difficult to fix during the post-placement implementation flow and could be the result of non-optimal XDC constraints or non-optimal design architecture
Related violations: <none>

TIMING-16#28 Warning
Large setup violation  
There is a large setup violation of -20.261 ns between midi_input_inst/midi_note_reg[0]/C (clocked by sys_clk_pin) and synth_inst/wav_sel_inst/saw_wav_inst/phase_increment_reg[4]/D (clocked by sys_clk_pin). Large setup violations at the end of those stages might be difficult to fix during the post-placement implementation flow and could be the result of non-optimal XDC constraints or non-optimal design architecture
Related violations: <none>

TIMING-16#29 Warning
Large setup violation  
There is a large setup violation of -20.267 ns between midi_input_inst/midi_note_reg[0]/C (clocked by sys_clk_pin) and synth_inst/wav_sel_inst/saw_wav_inst/phase_increment_reg[20]/D (clocked by sys_clk_pin). Large setup violations at the end of those stages might be difficult to fix during the post-placement implementation flow and could be the result of non-optimal XDC constraints or non-optimal design architecture
Related violations: <none>

TIMING-16#30 Warning
Large setup violation  
There is a large setup violation of -20.279 ns between midi_input_inst/midi_note_reg[0]/C (clocked by sys_clk_pin) and synth_inst/wav_sel_inst/saw_wav_inst/phase_increment_reg[3]/D (clocked by sys_clk_pin). Large setup violations at the end of those stages might be difficult to fix during the post-placement implementation flow and could be the result of non-optimal XDC constraints or non-optimal design architecture
Related violations: <none>

TIMING-16#31 Warning
Large setup violation  
There is a large setup violation of -20.281 ns between midi_input_inst/midi_note_reg[0]/C (clocked by sys_clk_pin) and synth_inst/wav_sel_inst/saw_wav_inst/phase_increment_reg[17]/D (clocked by sys_clk_pin). Large setup violations at the end of those stages might be difficult to fix during the post-placement implementation flow and could be the result of non-optimal XDC constraints or non-optimal design architecture
Related violations: <none>

TIMING-16#32 Warning
Large setup violation  
There is a large setup violation of -20.328 ns between midi_input_inst/midi_note_reg[4]/C (clocked by sys_clk_pin) and synth_inst/wav_sel_inst/sin_wav_inst/phase_increment_reg[0]/D (clocked by sys_clk_pin). Large setup violations at the end of those stages might be difficult to fix during the post-placement implementation flow and could be the result of non-optimal XDC constraints or non-optimal design architecture
Related violations: <none>

TIMING-16#33 Warning
Large setup violation  
There is a large setup violation of -20.332 ns between midi_input_inst/midi_note_reg[0]/C (clocked by sys_clk_pin) and synth_inst/wav_sel_inst/saw_wav_inst/phase_increment_reg[1]/D (clocked by sys_clk_pin). Large setup violations at the end of those stages might be difficult to fix during the post-placement implementation flow and could be the result of non-optimal XDC constraints or non-optimal design architecture
Related violations: <none>

TIMING-16#34 Warning
Large setup violation  
There is a large setup violation of -20.332 ns between midi_input_inst/midi_note_reg[0]/C (clocked by sys_clk_pin) and synth_inst/wav_sel_inst/tri_wav_inst/phase_increment_reg[27]/D (clocked by sys_clk_pin). Large setup violations at the end of those stages might be difficult to fix during the post-placement implementation flow and could be the result of non-optimal XDC constraints or non-optimal design architecture
Related violations: <none>

TIMING-16#35 Warning
Large setup violation  
There is a large setup violation of -20.334 ns between midi_input_inst/midi_note_reg[0]/C (clocked by sys_clk_pin) and synth_inst/wav_sel_inst/tri_wav_inst/phase_increment_reg[21]/D (clocked by sys_clk_pin). Large setup violations at the end of those stages might be difficult to fix during the post-placement implementation flow and could be the result of non-optimal XDC constraints or non-optimal design architecture
Related violations: <none>

TIMING-16#36 Warning
Large setup violation  
There is a large setup violation of -20.336 ns between midi_input_inst/midi_note_reg[0]/C (clocked by sys_clk_pin) and synth_inst/wav_sel_inst/tri_wav_inst/phase_increment_reg[28]/D (clocked by sys_clk_pin). Large setup violations at the end of those stages might be difficult to fix during the post-placement implementation flow and could be the result of non-optimal XDC constraints or non-optimal design architecture
Related violations: <none>

TIMING-16#37 Warning
Large setup violation  
There is a large setup violation of -20.338 ns between midi_input_inst/midi_note_reg[0]/C (clocked by sys_clk_pin) and synth_inst/wav_sel_inst/saw_wav_inst/phase_increment_reg[14]/D (clocked by sys_clk_pin). Large setup violations at the end of those stages might be difficult to fix during the post-placement implementation flow and could be the result of non-optimal XDC constraints or non-optimal design architecture
Related violations: <none>

TIMING-16#38 Warning
Large setup violation  
There is a large setup violation of -20.341 ns between midi_input_inst/midi_note_reg[0]/C (clocked by sys_clk_pin) and synth_inst/wav_sel_inst/tri_wav_inst/phase_increment_reg[20]/D (clocked by sys_clk_pin). Large setup violations at the end of those stages might be difficult to fix during the post-placement implementation flow and could be the result of non-optimal XDC constraints or non-optimal design architecture
Related violations: <none>

TIMING-16#39 Warning
Large setup violation  
There is a large setup violation of -20.359 ns between midi_input_inst/midi_note_reg[0]/C (clocked by sys_clk_pin) and synth_inst/wav_sel_inst/tri_wav_inst/phase_increment_reg[24]/D (clocked by sys_clk_pin). Large setup violations at the end of those stages might be difficult to fix during the post-placement implementation flow and could be the result of non-optimal XDC constraints or non-optimal design architecture
Related violations: <none>

TIMING-16#40 Warning
Large setup violation  
There is a large setup violation of -20.448 ns between midi_input_inst/midi_note_reg[0]/C (clocked by sys_clk_pin) and synth_inst/wav_sel_inst/saw_wav_inst/phase_increment_reg[18]/D (clocked by sys_clk_pin). Large setup violations at the end of those stages might be difficult to fix during the post-placement implementation flow and could be the result of non-optimal XDC constraints or non-optimal design architecture
Related violations: <none>

TIMING-16#41 Warning
Large setup violation  
There is a large setup violation of -20.457 ns between midi_input_inst/midi_note_reg[0]/C (clocked by sys_clk_pin) and synth_inst/wav_sel_inst/saw_wav_inst/phase_increment_reg[13]/D (clocked by sys_clk_pin). Large setup violations at the end of those stages might be difficult to fix during the post-placement implementation flow and could be the result of non-optimal XDC constraints or non-optimal design architecture
Related violations: <none>

TIMING-16#42 Warning
Large setup violation  
There is a large setup violation of -20.472 ns between midi_input_inst/midi_note_reg[0]/C (clocked by sys_clk_pin) and synth_inst/wav_sel_inst/tri_wav_inst/phase_increment_reg[31]/D (clocked by sys_clk_pin). Large setup violations at the end of those stages might be difficult to fix during the post-placement implementation flow and could be the result of non-optimal XDC constraints or non-optimal design architecture
Related violations: <none>

TIMING-16#43 Warning
Large setup violation  
There is a large setup violation of -20.522 ns between midi_input_inst/midi_note_reg[0]/C (clocked by sys_clk_pin) and synth_inst/wav_sel_inst/tri_wav_inst/phase_increment_reg[16]/D (clocked by sys_clk_pin). Large setup violations at the end of those stages might be difficult to fix during the post-placement implementation flow and could be the result of non-optimal XDC constraints or non-optimal design architecture
Related violations: <none>

TIMING-16#44 Warning
Large setup violation  
There is a large setup violation of -20.527 ns between midi_input_inst/midi_note_reg[0]/C (clocked by sys_clk_pin) and synth_inst/wav_sel_inst/tri_wav_inst/phase_increment_reg[12]/D (clocked by sys_clk_pin). Large setup violations at the end of those stages might be difficult to fix during the post-placement implementation flow and could be the result of non-optimal XDC constraints or non-optimal design architecture
Related violations: <none>

TIMING-16#45 Warning
Large setup violation  
There is a large setup violation of -20.539 ns between midi_input_inst/midi_note_reg[0]/C (clocked by sys_clk_pin) and synth_inst/wav_sel_inst/tri_wav_inst/phase_increment_reg[29]/D (clocked by sys_clk_pin). Large setup violations at the end of those stages might be difficult to fix during the post-placement implementation flow and could be the result of non-optimal XDC constraints or non-optimal design architecture
Related violations: <none>

TIMING-16#46 Warning
Large setup violation  
There is a large setup violation of -20.546 ns between midi_input_inst/midi_note_reg[0]/C (clocked by sys_clk_pin) and synth_inst/wav_sel_inst/tri_wav_inst/phase_increment_reg[30]/D (clocked by sys_clk_pin). Large setup violations at the end of those stages might be difficult to fix during the post-placement implementation flow and could be the result of non-optimal XDC constraints or non-optimal design architecture
Related violations: <none>

TIMING-16#47 Warning
Large setup violation  
There is a large setup violation of -20.550 ns between midi_input_inst/midi_note_reg[0]/C (clocked by sys_clk_pin) and synth_inst/wav_sel_inst/tri_wav_inst/phase_increment_reg[13]/D (clocked by sys_clk_pin). Large setup violations at the end of those stages might be difficult to fix during the post-placement implementation flow and could be the result of non-optimal XDC constraints or non-optimal design architecture
Related violations: <none>

TIMING-16#48 Warning
Large setup violation  
There is a large setup violation of -20.569 ns between midi_input_inst/midi_note_reg[0]/C (clocked by sys_clk_pin) and synth_inst/wav_sel_inst/tri_wav_inst/phase_increment_reg[25]/D (clocked by sys_clk_pin). Large setup violations at the end of those stages might be difficult to fix during the post-placement implementation flow and could be the result of non-optimal XDC constraints or non-optimal design architecture
Related violations: <none>

TIMING-16#49 Warning
Large setup violation  
There is a large setup violation of -20.620 ns between midi_input_inst/midi_note_reg[4]/C (clocked by sys_clk_pin) and synth_inst/wav_sel_inst/sin_wav_inst/phase_increment_reg[16]/D (clocked by sys_clk_pin). Large setup violations at the end of those stages might be difficult to fix during the post-placement implementation flow and could be the result of non-optimal XDC constraints or non-optimal design architecture
Related violations: <none>

TIMING-16#50 Warning
Large setup violation  
There is a large setup violation of -20.622 ns between midi_input_inst/midi_note_reg[0]/C (clocked by sys_clk_pin) and synth_inst/wav_sel_inst/tri_wav_inst/phase_increment_reg[17]/D (clocked by sys_clk_pin). Large setup violations at the end of those stages might be difficult to fix during the post-placement implementation flow and could be the result of non-optimal XDC constraints or non-optimal design architecture
Related violations: <none>

TIMING-16#51 Warning
Large setup violation  
There is a large setup violation of -20.647 ns between midi_input_inst/midi_note_reg[0]/C (clocked by sys_clk_pin) and synth_inst/wav_sel_inst/tri_wav_inst/phase_increment_reg[15]/D (clocked by sys_clk_pin). Large setup violations at the end of those stages might be difficult to fix during the post-placement implementation flow and could be the result of non-optimal XDC constraints or non-optimal design architecture
Related violations: <none>

TIMING-16#52 Warning
Large setup violation  
There is a large setup violation of -20.664 ns between midi_input_inst/midi_note_reg[0]/C (clocked by sys_clk_pin) and synth_inst/wav_sel_inst/tri_wav_inst/phase_increment_reg[18]/D (clocked by sys_clk_pin). Large setup violations at the end of those stages might be difficult to fix during the post-placement implementation flow and could be the result of non-optimal XDC constraints or non-optimal design architecture
Related violations: <none>

TIMING-16#53 Warning
Large setup violation  
There is a large setup violation of -20.686 ns between midi_input_inst/midi_note_reg[0]/C (clocked by sys_clk_pin) and synth_inst/wav_sel_inst/tri_wav_inst/phase_increment_reg[26]/D (clocked by sys_clk_pin). Large setup violations at the end of those stages might be difficult to fix during the post-placement implementation flow and could be the result of non-optimal XDC constraints or non-optimal design architecture
Related violations: <none>

TIMING-16#54 Warning
Large setup violation  
There is a large setup violation of -20.707 ns between midi_input_inst/midi_note_reg[4]/C (clocked by sys_clk_pin) and synth_inst/wav_sel_inst/sin_wav_inst/phase_increment_reg[4]/D (clocked by sys_clk_pin). Large setup violations at the end of those stages might be difficult to fix during the post-placement implementation flow and could be the result of non-optimal XDC constraints or non-optimal design architecture
Related violations: <none>

TIMING-16#55 Warning
Large setup violation  
There is a large setup violation of -20.730 ns between midi_input_inst/midi_note_reg[0]/C (clocked by sys_clk_pin) and synth_inst/wav_sel_inst/tri_wav_inst/phase_increment_reg[14]/D (clocked by sys_clk_pin). Large setup violations at the end of those stages might be difficult to fix during the post-placement implementation flow and could be the result of non-optimal XDC constraints or non-optimal design architecture
Related violations: <none>

TIMING-16#56 Warning
Large setup violation  
There is a large setup violation of -20.741 ns between midi_input_inst/midi_note_reg[0]/C (clocked by sys_clk_pin) and synth_inst/wav_sel_inst/tri_wav_inst/phase_increment_reg[22]/D (clocked by sys_clk_pin). Large setup violations at the end of those stages might be difficult to fix during the post-placement implementation flow and could be the result of non-optimal XDC constraints or non-optimal design architecture
Related violations: <none>

TIMING-16#57 Warning
Large setup violation  
There is a large setup violation of -20.779 ns between midi_input_inst/midi_note_reg[0]/C (clocked by sys_clk_pin) and synth_inst/wav_sel_inst/tri_wav_inst/phase_increment_reg[19]/D (clocked by sys_clk_pin). Large setup violations at the end of those stages might be difficult to fix during the post-placement implementation flow and could be the result of non-optimal XDC constraints or non-optimal design architecture
Related violations: <none>

TIMING-16#58 Warning
Large setup violation  
There is a large setup violation of -20.782 ns between midi_input_inst/midi_note_reg[0]/C (clocked by sys_clk_pin) and synth_inst/wav_sel_inst/tri_wav_inst/phase_increment_reg[2]/D (clocked by sys_clk_pin). Large setup violations at the end of those stages might be difficult to fix during the post-placement implementation flow and could be the result of non-optimal XDC constraints or non-optimal design architecture
Related violations: <none>

TIMING-16#59 Warning
Large setup violation  
There is a large setup violation of -20.789 ns between midi_input_inst/midi_note_reg[4]/C (clocked by sys_clk_pin) and synth_inst/wav_sel_inst/sin_wav_inst/phase_increment_reg[11]/D (clocked by sys_clk_pin). Large setup violations at the end of those stages might be difficult to fix during the post-placement implementation flow and could be the result of non-optimal XDC constraints or non-optimal design architecture
Related violations: <none>

TIMING-16#60 Warning
Large setup violation  
There is a large setup violation of -20.791 ns between midi_input_inst/midi_note_reg[0]/C (clocked by sys_clk_pin) and synth_inst/wav_sel_inst/tri_wav_inst/phase_increment_reg[9]/D (clocked by sys_clk_pin). Large setup violations at the end of those stages might be difficult to fix during the post-placement implementation flow and could be the result of non-optimal XDC constraints or non-optimal design architecture
Related violations: <none>

TIMING-16#61 Warning
Large setup violation  
There is a large setup violation of -20.791 ns between midi_input_inst/midi_note_reg[4]/C (clocked by sys_clk_pin) and synth_inst/wav_sel_inst/sin_wav_inst/phase_increment_reg[5]/D (clocked by sys_clk_pin). Large setup violations at the end of those stages might be difficult to fix during the post-placement implementation flow and could be the result of non-optimal XDC constraints or non-optimal design architecture
Related violations: <none>

TIMING-16#62 Warning
Large setup violation  
There is a large setup violation of -20.805 ns between midi_input_inst/midi_note_reg[0]/C (clocked by sys_clk_pin) and synth_inst/wav_sel_inst/tri_wav_inst/phase_increment_reg[10]/D (clocked by sys_clk_pin). Large setup violations at the end of those stages might be difficult to fix during the post-placement implementation flow and could be the result of non-optimal XDC constraints or non-optimal design architecture
Related violations: <none>

TIMING-16#63 Warning
Large setup violation  
There is a large setup violation of -20.811 ns between midi_input_inst/midi_note_reg[0]/C (clocked by sys_clk_pin) and synth_inst/wav_sel_inst/tri_wav_inst/phase_increment_reg[4]/D (clocked by sys_clk_pin). Large setup violations at the end of those stages might be difficult to fix during the post-placement implementation flow and could be the result of non-optimal XDC constraints or non-optimal design architecture
Related violations: <none>

TIMING-16#64 Warning
Large setup violation  
There is a large setup violation of -20.815 ns between midi_input_inst/midi_note_reg[0]/C (clocked by sys_clk_pin) and synth_inst/wav_sel_inst/tri_wav_inst/phase_increment_reg[8]/D (clocked by sys_clk_pin). Large setup violations at the end of those stages might be difficult to fix during the post-placement implementation flow and could be the result of non-optimal XDC constraints or non-optimal design architecture
Related violations: <none>

TIMING-16#65 Warning
Large setup violation  
There is a large setup violation of -20.818 ns between midi_input_inst/midi_note_reg[0]/C (clocked by sys_clk_pin) and synth_inst/wav_sel_inst/tri_wav_inst/phase_increment_reg[1]/D (clocked by sys_clk_pin). Large setup violations at the end of those stages might be difficult to fix during the post-placement implementation flow and could be the result of non-optimal XDC constraints or non-optimal design architecture
Related violations: <none>

TIMING-16#66 Warning
Large setup violation  
There is a large setup violation of -20.825 ns between midi_input_inst/midi_note_reg[0]/C (clocked by sys_clk_pin) and synth_inst/wav_sel_inst/tri_wav_inst/phase_increment_reg[23]/D (clocked by sys_clk_pin). Large setup violations at the end of those stages might be difficult to fix during the post-placement implementation flow and could be the result of non-optimal XDC constraints or non-optimal design architecture
Related violations: <none>

TIMING-16#67 Warning
Large setup violation  
There is a large setup violation of -20.848 ns between midi_input_inst/midi_note_reg[4]/C (clocked by sys_clk_pin) and synth_inst/wav_sel_inst/sin_wav_inst/phase_increment_reg[20]/D (clocked by sys_clk_pin). Large setup violations at the end of those stages might be difficult to fix during the post-placement implementation flow and could be the result of non-optimal XDC constraints or non-optimal design architecture
Related violations: <none>

TIMING-16#68 Warning
Large setup violation  
There is a large setup violation of -20.885 ns between midi_input_inst/midi_note_reg[4]/C (clocked by sys_clk_pin) and synth_inst/wav_sel_inst/sin_wav_inst/phase_increment_reg[29]/D (clocked by sys_clk_pin). Large setup violations at the end of those stages might be difficult to fix during the post-placement implementation flow and could be the result of non-optimal XDC constraints or non-optimal design architecture
Related violations: <none>

TIMING-16#69 Warning
Large setup violation  
There is a large setup violation of -20.890 ns between midi_input_inst/midi_note_reg[0]/C (clocked by sys_clk_pin) and synth_inst/wav_sel_inst/tri_wav_inst/phase_increment_reg[3]/D (clocked by sys_clk_pin). Large setup violations at the end of those stages might be difficult to fix during the post-placement implementation flow and could be the result of non-optimal XDC constraints or non-optimal design architecture
Related violations: <none>

TIMING-16#70 Warning
Large setup violation  
There is a large setup violation of -20.892 ns between midi_input_inst/midi_note_reg[0]/C (clocked by sys_clk_pin) and synth_inst/wav_sel_inst/tri_wav_inst/phase_increment_reg[7]/D (clocked by sys_clk_pin). Large setup violations at the end of those stages might be difficult to fix during the post-placement implementation flow and could be the result of non-optimal XDC constraints or non-optimal design architecture
Related violations: <none>

TIMING-16#71 Warning
Large setup violation  
There is a large setup violation of -20.910 ns between midi_input_inst/midi_note_reg[0]/C (clocked by sys_clk_pin) and synth_inst/wav_sel_inst/tri_wav_inst/phase_increment_reg[11]/D (clocked by sys_clk_pin). Large setup violations at the end of those stages might be difficult to fix during the post-placement implementation flow and could be the result of non-optimal XDC constraints or non-optimal design architecture
Related violations: <none>

TIMING-16#72 Warning
Large setup violation  
There is a large setup violation of -20.913 ns between midi_input_inst/midi_note_reg[4]/C (clocked by sys_clk_pin) and synth_inst/wav_sel_inst/sin_wav_inst/phase_increment_reg[17]/D (clocked by sys_clk_pin). Large setup violations at the end of those stages might be difficult to fix during the post-placement implementation flow and could be the result of non-optimal XDC constraints or non-optimal design architecture
Related violations: <none>

TIMING-16#73 Warning
Large setup violation  
There is a large setup violation of -20.948 ns between midi_input_inst/midi_note_reg[4]/C (clocked by sys_clk_pin) and synth_inst/wav_sel_inst/sin_wav_inst/phase_increment_reg[18]/D (clocked by sys_clk_pin). Large setup violations at the end of those stages might be difficult to fix during the post-placement implementation flow and could be the result of non-optimal XDC constraints or non-optimal design architecture
Related violations: <none>

TIMING-16#74 Warning
Large setup violation  
There is a large setup violation of -20.950 ns between midi_input_inst/midi_note_reg[4]/C (clocked by sys_clk_pin) and synth_inst/wav_sel_inst/sin_wav_inst/phase_increment_reg[10]/D (clocked by sys_clk_pin). Large setup violations at the end of those stages might be difficult to fix during the post-placement implementation flow and could be the result of non-optimal XDC constraints or non-optimal design architecture
Related violations: <none>

TIMING-16#75 Warning
Large setup violation  
There is a large setup violation of -20.955 ns between midi_input_inst/midi_note_reg[4]/C (clocked by sys_clk_pin) and synth_inst/wav_sel_inst/sin_wav_inst/phase_increment_reg[31]/D (clocked by sys_clk_pin). Large setup violations at the end of those stages might be difficult to fix during the post-placement implementation flow and could be the result of non-optimal XDC constraints or non-optimal design architecture
Related violations: <none>

TIMING-16#76 Warning
Large setup violation  
There is a large setup violation of -20.983 ns between midi_input_inst/midi_note_reg[4]/C (clocked by sys_clk_pin) and synth_inst/wav_sel_inst/sin_wav_inst/phase_increment_reg[8]/D (clocked by sys_clk_pin). Large setup violations at the end of those stages might be difficult to fix during the post-placement implementation flow and could be the result of non-optimal XDC constraints or non-optimal design architecture
Related violations: <none>

TIMING-16#77 Warning
Large setup violation  
There is a large setup violation of -20.989 ns between midi_input_inst/midi_note_reg[4]/C (clocked by sys_clk_pin) and synth_inst/wav_sel_inst/sin_wav_inst/phase_increment_reg[24]/D (clocked by sys_clk_pin). Large setup violations at the end of those stages might be difficult to fix during the post-placement implementation flow and could be the result of non-optimal XDC constraints or non-optimal design architecture
Related violations: <none>

TIMING-16#78 Warning
Large setup violation  
There is a large setup violation of -20.994 ns between midi_input_inst/midi_note_reg[4]/C (clocked by sys_clk_pin) and synth_inst/wav_sel_inst/sin_wav_inst/phase_increment_reg[12]/D (clocked by sys_clk_pin). Large setup violations at the end of those stages might be difficult to fix during the post-placement implementation flow and could be the result of non-optimal XDC constraints or non-optimal design architecture
Related violations: <none>

TIMING-16#79 Warning
Large setup violation  
There is a large setup violation of -21.026 ns between midi_input_inst/midi_note_reg[4]/C (clocked by sys_clk_pin) and synth_inst/wav_sel_inst/sin_wav_inst/phase_increment_reg[13]/D (clocked by sys_clk_pin). Large setup violations at the end of those stages might be difficult to fix during the post-placement implementation flow and could be the result of non-optimal XDC constraints or non-optimal design architecture
Related violations: <none>

TIMING-16#80 Warning
Large setup violation  
There is a large setup violation of -21.030 ns between midi_input_inst/midi_note_reg[0]/C (clocked by sys_clk_pin) and synth_inst/wav_sel_inst/tri_wav_inst/phase_increment_reg[6]/D (clocked by sys_clk_pin). Large setup violations at the end of those stages might be difficult to fix during the post-placement implementation flow and could be the result of non-optimal XDC constraints or non-optimal design architecture
Related violations: <none>

TIMING-16#81 Warning
Large setup violation  
There is a large setup violation of -21.048 ns between midi_input_inst/midi_note_reg[0]/C (clocked by sys_clk_pin) and synth_inst/wav_sel_inst/tri_wav_inst/phase_increment_reg[0]/D (clocked by sys_clk_pin). Large setup violations at the end of those stages might be difficult to fix during the post-placement implementation flow and could be the result of non-optimal XDC constraints or non-optimal design architecture
Related violations: <none>

TIMING-16#82 Warning
Large setup violation  
There is a large setup violation of -21.052 ns between midi_input_inst/midi_note_reg[4]/C (clocked by sys_clk_pin) and synth_inst/wav_sel_inst/sin_wav_inst/phase_increment_reg[27]/D (clocked by sys_clk_pin). Large setup violations at the end of those stages might be difficult to fix during the post-placement implementation flow and could be the result of non-optimal XDC constraints or non-optimal design architecture
Related violations: <none>

TIMING-16#83 Warning
Large setup violation  
There is a large setup violation of -21.054 ns between midi_input_inst/midi_note_reg[4]/C (clocked by sys_clk_pin) and synth_inst/wav_sel_inst/sin_wav_inst/phase_increment_reg[26]/D (clocked by sys_clk_pin). Large setup violations at the end of those stages might be difficult to fix during the post-placement implementation flow and could be the result of non-optimal XDC constraints or non-optimal design architecture
Related violations: <none>

TIMING-16#84 Warning
Large setup violation  
There is a large setup violation of -21.061 ns between midi_input_inst/midi_note_reg[4]/C (clocked by sys_clk_pin) and synth_inst/wav_sel_inst/sin_wav_inst/phase_increment_reg[30]/D (clocked by sys_clk_pin). Large setup violations at the end of those stages might be difficult to fix during the post-placement implementation flow and could be the result of non-optimal XDC constraints or non-optimal design architecture
Related violations: <none>

TIMING-16#85 Warning
Large setup violation  
There is a large setup violation of -21.070 ns between midi_input_inst/midi_note_reg[4]/C (clocked by sys_clk_pin) and synth_inst/wav_sel_inst/sin_wav_inst/phase_increment_reg[23]/D (clocked by sys_clk_pin). Large setup violations at the end of those stages might be difficult to fix during the post-placement implementation flow and could be the result of non-optimal XDC constraints or non-optimal design architecture
Related violations: <none>

TIMING-16#86 Warning
Large setup violation  
There is a large setup violation of -21.072 ns between midi_input_inst/midi_note_reg[4]/C (clocked by sys_clk_pin) and synth_inst/wav_sel_inst/sin_wav_inst/phase_increment_reg[22]/D (clocked by sys_clk_pin). Large setup violations at the end of those stages might be difficult to fix during the post-placement implementation flow and could be the result of non-optimal XDC constraints or non-optimal design architecture
Related violations: <none>

TIMING-16#87 Warning
Large setup violation  
There is a large setup violation of -21.104 ns between midi_input_inst/midi_note_reg[4]/C (clocked by sys_clk_pin) and synth_inst/wav_sel_inst/sin_wav_inst/phase_increment_reg[28]/D (clocked by sys_clk_pin). Large setup violations at the end of those stages might be difficult to fix during the post-placement implementation flow and could be the result of non-optimal XDC constraints or non-optimal design architecture
Related violations: <none>

TIMING-16#88 Warning
Large setup violation  
There is a large setup violation of -21.114 ns between midi_input_inst/midi_note_reg[4]/C (clocked by sys_clk_pin) and synth_inst/wav_sel_inst/sin_wav_inst/phase_increment_reg[15]/D (clocked by sys_clk_pin). Large setup violations at the end of those stages might be difficult to fix during the post-placement implementation flow and could be the result of non-optimal XDC constraints or non-optimal design architecture
Related violations: <none>

TIMING-16#89 Warning
Large setup violation  
There is a large setup violation of -21.118 ns between midi_input_inst/midi_note_reg[4]/C (clocked by sys_clk_pin) and synth_inst/wav_sel_inst/sin_wav_inst/phase_increment_reg[21]/D (clocked by sys_clk_pin). Large setup violations at the end of those stages might be difficult to fix during the post-placement implementation flow and could be the result of non-optimal XDC constraints or non-optimal design architecture
Related violations: <none>

TIMING-16#90 Warning
Large setup violation  
There is a large setup violation of -21.124 ns between midi_input_inst/midi_note_reg[4]/C (clocked by sys_clk_pin) and synth_inst/wav_sel_inst/sin_wav_inst/phase_increment_reg[19]/D (clocked by sys_clk_pin). Large setup violations at the end of those stages might be difficult to fix during the post-placement implementation flow and could be the result of non-optimal XDC constraints or non-optimal design architecture
Related violations: <none>

TIMING-16#91 Warning
Large setup violation  
There is a large setup violation of -21.135 ns between midi_input_inst/midi_note_reg[4]/C (clocked by sys_clk_pin) and synth_inst/wav_sel_inst/sin_wav_inst/phase_increment_reg[2]/D (clocked by sys_clk_pin). Large setup violations at the end of those stages might be difficult to fix during the post-placement implementation flow and could be the result of non-optimal XDC constraints or non-optimal design architecture
Related violations: <none>

TIMING-16#92 Warning
Large setup violation  
There is a large setup violation of -21.145 ns between midi_input_inst/midi_note_reg[4]/C (clocked by sys_clk_pin) and synth_inst/wav_sel_inst/sin_wav_inst/phase_increment_reg[3]/D (clocked by sys_clk_pin). Large setup violations at the end of those stages might be difficult to fix during the post-placement implementation flow and could be the result of non-optimal XDC constraints or non-optimal design architecture
Related violations: <none>

TIMING-16#93 Warning
Large setup violation  
There is a large setup violation of -21.157 ns between midi_input_inst/midi_note_reg[4]/C (clocked by sys_clk_pin) and synth_inst/wav_sel_inst/sin_wav_inst/phase_increment_reg[25]/D (clocked by sys_clk_pin). Large setup violations at the end of those stages might be difficult to fix during the post-placement implementation flow and could be the result of non-optimal XDC constraints or non-optimal design architecture
Related violations: <none>

TIMING-16#94 Warning
Large setup violation  
There is a large setup violation of -21.183 ns between midi_input_inst/midi_note_reg[4]/C (clocked by sys_clk_pin) and synth_inst/wav_sel_inst/sin_wav_inst/phase_increment_reg[1]/D (clocked by sys_clk_pin). Large setup violations at the end of those stages might be difficult to fix during the post-placement implementation flow and could be the result of non-optimal XDC constraints or non-optimal design architecture
Related violations: <none>

TIMING-16#95 Warning
Large setup violation  
There is a large setup violation of -21.184 ns between midi_input_inst/midi_note_reg[0]/C (clocked by sys_clk_pin) and synth_inst/wav_sel_inst/tri_wav_inst/phase_increment_reg[5]/D (clocked by sys_clk_pin). Large setup violations at the end of those stages might be difficult to fix during the post-placement implementation flow and could be the result of non-optimal XDC constraints or non-optimal design architecture
Related violations: <none>

TIMING-16#96 Warning
Large setup violation  
There is a large setup violation of -21.189 ns between midi_input_inst/midi_note_reg[4]/C (clocked by sys_clk_pin) and synth_inst/wav_sel_inst/sin_wav_inst/phase_increment_reg[7]/D (clocked by sys_clk_pin). Large setup violations at the end of those stages might be difficult to fix during the post-placement implementation flow and could be the result of non-optimal XDC constraints or non-optimal design architecture
Related violations: <none>

TIMING-16#97 Warning
Large setup violation  
There is a large setup violation of -21.191 ns between midi_input_inst/midi_note_reg[4]/C (clocked by sys_clk_pin) and synth_inst/wav_sel_inst/sin_wav_inst/phase_increment_reg[6]/D (clocked by sys_clk_pin). Large setup violations at the end of those stages might be difficult to fix during the post-placement implementation flow and could be the result of non-optimal XDC constraints or non-optimal design architecture
Related violations: <none>

TIMING-16#98 Warning
Large setup violation  
There is a large setup violation of -21.235 ns between midi_input_inst/midi_note_reg[4]/C (clocked by sys_clk_pin) and synth_inst/wav_sel_inst/sin_wav_inst/phase_increment_reg[9]/D (clocked by sys_clk_pin). Large setup violations at the end of those stages might be difficult to fix during the post-placement implementation flow and could be the result of non-optimal XDC constraints or non-optimal design architecture
Related violations: <none>

TIMING-16#99 Warning
Large setup violation  
There is a large setup violation of -21.268 ns between midi_input_inst/midi_note_reg[4]/C (clocked by sys_clk_pin) and synth_inst/wav_sel_inst/sin_wav_inst/phase_increment_reg[14]/D (clocked by sys_clk_pin). Large setup violations at the end of those stages might be difficult to fix during the post-placement implementation flow and could be the result of non-optimal XDC constraints or non-optimal design architecture
Related violations: <none>

TIMING-16#100 Warning
Large setup violation  
There is a large setup violation of -59.426 ns between midi_input_inst/midi_note_reg[2]_replica/C (clocked by sys_clk_pin) and synth_inst/wav_sel_inst/sqr_wav_inst/wav_out_reg[7]/CE (clocked by sys_clk_pin). Large setup violations at the end of those stages might be difficult to fix during the post-placement implementation flow and could be the result of non-optimal XDC constraints or non-optimal design architecture
Related violations: <none>

TIMING-16#101 Warning
Large setup violation  
There is a large setup violation of -59.639 ns between midi_input_inst/midi_note_reg[2]_replica/C (clocked by sys_clk_pin) and synth_inst/wav_sel_inst/sqr_wav_inst/wav_out_reg[3]/CE (clocked by sys_clk_pin). Large setup violations at the end of those stages might be difficult to fix during the post-placement implementation flow and could be the result of non-optimal XDC constraints or non-optimal design architecture
Related violations: <none>

TIMING-16#102 Warning
Large setup violation  
There is a large setup violation of -59.639 ns between midi_input_inst/midi_note_reg[2]_replica/C (clocked by sys_clk_pin) and synth_inst/wav_sel_inst/sqr_wav_inst/wav_out_reg[4]/CE (clocked by sys_clk_pin). Large setup violations at the end of those stages might be difficult to fix during the post-placement implementation flow and could be the result of non-optimal XDC constraints or non-optimal design architecture
Related violations: <none>

TIMING-16#103 Warning
Large setup violation  
There is a large setup violation of -59.639 ns between midi_input_inst/midi_note_reg[2]_replica/C (clocked by sys_clk_pin) and synth_inst/wav_sel_inst/sqr_wav_inst/wav_out_reg[6]/CE (clocked by sys_clk_pin). Large setup violations at the end of those stages might be difficult to fix during the post-placement implementation flow and could be the result of non-optimal XDC constraints or non-optimal design architecture
Related violations: <none>

TIMING-16#104 Warning
Large setup violation  
There is a large setup violation of -59.749 ns between midi_input_inst/midi_note_reg[2]_replica/C (clocked by sys_clk_pin) and synth_inst/wav_sel_inst/sqr_wav_inst/wav_out_reg[0]/CE (clocked by sys_clk_pin). Large setup violations at the end of those stages might be difficult to fix during the post-placement implementation flow and could be the result of non-optimal XDC constraints or non-optimal design architecture
Related violations: <none>

TIMING-16#105 Warning
Large setup violation  
There is a large setup violation of -59.749 ns between midi_input_inst/midi_note_reg[2]_replica/C (clocked by sys_clk_pin) and synth_inst/wav_sel_inst/sqr_wav_inst/wav_out_reg[1]/CE (clocked by sys_clk_pin). Large setup violations at the end of those stages might be difficult to fix during the post-placement implementation flow and could be the result of non-optimal XDC constraints or non-optimal design architecture
Related violations: <none>

TIMING-16#106 Warning
Large setup violation  
There is a large setup violation of -59.749 ns between midi_input_inst/midi_note_reg[2]_replica/C (clocked by sys_clk_pin) and synth_inst/wav_sel_inst/sqr_wav_inst/wav_out_reg[2]/CE (clocked by sys_clk_pin). Large setup violations at the end of those stages might be difficult to fix during the post-placement implementation flow and could be the result of non-optimal XDC constraints or non-optimal design architecture
Related violations: <none>

TIMING-16#107 Warning
Large setup violation  
There is a large setup violation of -59.749 ns between midi_input_inst/midi_note_reg[2]_replica/C (clocked by sys_clk_pin) and synth_inst/wav_sel_inst/sqr_wav_inst/wav_out_reg[5]/CE (clocked by sys_clk_pin). Large setup violations at the end of those stages might be difficult to fix during the post-placement implementation flow and could be the result of non-optimal XDC constraints or non-optimal design architecture
Related violations: <none>

TIMING-16#108 Warning
Large setup violation  
There is a large setup violation of -60.190 ns between midi_input_inst/midi_note_reg[2]_replica/C (clocked by sys_clk_pin) and synth_inst/wav_sel_inst/sqr_wav_inst/counter_reg[16]/R (clocked by sys_clk_pin). Large setup violations at the end of those stages might be difficult to fix during the post-placement implementation flow and could be the result of non-optimal XDC constraints or non-optimal design architecture
Related violations: <none>

TIMING-16#109 Warning
Large setup violation  
There is a large setup violation of -60.190 ns between midi_input_inst/midi_note_reg[2]_replica/C (clocked by sys_clk_pin) and synth_inst/wav_sel_inst/sqr_wav_inst/counter_reg[17]/R (clocked by sys_clk_pin). Large setup violations at the end of those stages might be difficult to fix during the post-placement implementation flow and could be the result of non-optimal XDC constraints or non-optimal design architecture
Related violations: <none>

TIMING-16#110 Warning
Large setup violation  
There is a large setup violation of -60.190 ns between midi_input_inst/midi_note_reg[2]_replica/C (clocked by sys_clk_pin) and synth_inst/wav_sel_inst/sqr_wav_inst/counter_reg[18]/R (clocked by sys_clk_pin). Large setup violations at the end of those stages might be difficult to fix during the post-placement implementation flow and could be the result of non-optimal XDC constraints or non-optimal design architecture
Related violations: <none>

TIMING-16#111 Warning
Large setup violation  
There is a large setup violation of -60.190 ns between midi_input_inst/midi_note_reg[2]_replica/C (clocked by sys_clk_pin) and synth_inst/wav_sel_inst/sqr_wav_inst/counter_reg[19]/R (clocked by sys_clk_pin). Large setup violations at the end of those stages might be difficult to fix during the post-placement implementation flow and could be the result of non-optimal XDC constraints or non-optimal design architecture
Related violations: <none>

TIMING-16#112 Warning
Large setup violation  
There is a large setup violation of -60.190 ns between midi_input_inst/midi_note_reg[2]_replica/C (clocked by sys_clk_pin) and synth_inst/wav_sel_inst/sqr_wav_inst/counter_reg[20]/R (clocked by sys_clk_pin). Large setup violations at the end of those stages might be difficult to fix during the post-placement implementation flow and could be the result of non-optimal XDC constraints or non-optimal design architecture
Related violations: <none>

TIMING-16#113 Warning
Large setup violation  
There is a large setup violation of -60.190 ns between midi_input_inst/midi_note_reg[2]_replica/C (clocked by sys_clk_pin) and synth_inst/wav_sel_inst/sqr_wav_inst/counter_reg[21]/R (clocked by sys_clk_pin). Large setup violations at the end of those stages might be difficult to fix during the post-placement implementation flow and could be the result of non-optimal XDC constraints or non-optimal design architecture
Related violations: <none>

TIMING-16#114 Warning
Large setup violation  
There is a large setup violation of -60.190 ns between midi_input_inst/midi_note_reg[2]_replica/C (clocked by sys_clk_pin) and synth_inst/wav_sel_inst/sqr_wav_inst/counter_reg[22]/R (clocked by sys_clk_pin). Large setup violations at the end of those stages might be difficult to fix during the post-placement implementation flow and could be the result of non-optimal XDC constraints or non-optimal design architecture
Related violations: <none>

TIMING-16#115 Warning
Large setup violation  
There is a large setup violation of -60.190 ns between midi_input_inst/midi_note_reg[2]_replica/C (clocked by sys_clk_pin) and synth_inst/wav_sel_inst/sqr_wav_inst/counter_reg[23]/R (clocked by sys_clk_pin). Large setup violations at the end of those stages might be difficult to fix during the post-placement implementation flow and could be the result of non-optimal XDC constraints or non-optimal design architecture
Related violations: <none>

TIMING-16#116 Warning
Large setup violation  
There is a large setup violation of -60.199 ns between midi_input_inst/midi_note_reg[2]_replica/C (clocked by sys_clk_pin) and synth_inst/wav_sel_inst/sqr_wav_inst/counter_reg[10]/R (clocked by sys_clk_pin). Large setup violations at the end of those stages might be difficult to fix during the post-placement implementation flow and could be the result of non-optimal XDC constraints or non-optimal design architecture
Related violations: <none>

TIMING-16#117 Warning
Large setup violation  
There is a large setup violation of -60.199 ns between midi_input_inst/midi_note_reg[2]_replica/C (clocked by sys_clk_pin) and synth_inst/wav_sel_inst/sqr_wav_inst/counter_reg[11]/R (clocked by sys_clk_pin). Large setup violations at the end of those stages might be difficult to fix during the post-placement implementation flow and could be the result of non-optimal XDC constraints or non-optimal design architecture
Related violations: <none>

TIMING-16#118 Warning
Large setup violation  
There is a large setup violation of -60.199 ns between midi_input_inst/midi_note_reg[2]_replica/C (clocked by sys_clk_pin) and synth_inst/wav_sel_inst/sqr_wav_inst/counter_reg[4]/R (clocked by sys_clk_pin). Large setup violations at the end of those stages might be difficult to fix during the post-placement implementation flow and could be the result of non-optimal XDC constraints or non-optimal design architecture
Related violations: <none>

TIMING-16#119 Warning
Large setup violation  
There is a large setup violation of -60.199 ns between midi_input_inst/midi_note_reg[2]_replica/C (clocked by sys_clk_pin) and synth_inst/wav_sel_inst/sqr_wav_inst/counter_reg[5]/R (clocked by sys_clk_pin). Large setup violations at the end of those stages might be difficult to fix during the post-placement implementation flow and could be the result of non-optimal XDC constraints or non-optimal design architecture
Related violations: <none>

TIMING-16#120 Warning
Large setup violation  
There is a large setup violation of -60.199 ns between midi_input_inst/midi_note_reg[2]_replica/C (clocked by sys_clk_pin) and synth_inst/wav_sel_inst/sqr_wav_inst/counter_reg[6]/R (clocked by sys_clk_pin). Large setup violations at the end of those stages might be difficult to fix during the post-placement implementation flow and could be the result of non-optimal XDC constraints or non-optimal design architecture
Related violations: <none>

TIMING-16#121 Warning
Large setup violation  
There is a large setup violation of -60.199 ns between midi_input_inst/midi_note_reg[2]_replica/C (clocked by sys_clk_pin) and synth_inst/wav_sel_inst/sqr_wav_inst/counter_reg[7]/R (clocked by sys_clk_pin). Large setup violations at the end of those stages might be difficult to fix during the post-placement implementation flow and could be the result of non-optimal XDC constraints or non-optimal design architecture
Related violations: <none>

TIMING-16#122 Warning
Large setup violation  
There is a large setup violation of -60.199 ns between midi_input_inst/midi_note_reg[2]_replica/C (clocked by sys_clk_pin) and synth_inst/wav_sel_inst/sqr_wav_inst/counter_reg[8]/R (clocked by sys_clk_pin). Large setup violations at the end of those stages might be difficult to fix during the post-placement implementation flow and could be the result of non-optimal XDC constraints or non-optimal design architecture
Related violations: <none>

TIMING-16#123 Warning
Large setup violation  
There is a large setup violation of -60.199 ns between midi_input_inst/midi_note_reg[2]_replica/C (clocked by sys_clk_pin) and synth_inst/wav_sel_inst/sqr_wav_inst/counter_reg[9]/R (clocked by sys_clk_pin). Large setup violations at the end of those stages might be difficult to fix during the post-placement implementation flow and could be the result of non-optimal XDC constraints or non-optimal design architecture
Related violations: <none>

TIMING-16#124 Warning
Large setup violation  
There is a large setup violation of -60.285 ns between midi_input_inst/midi_note_reg[2]_replica/C (clocked by sys_clk_pin) and synth_inst/wav_sel_inst/sqr_wav_inst/counter_reg[12]/R (clocked by sys_clk_pin). Large setup violations at the end of those stages might be difficult to fix during the post-placement implementation flow and could be the result of non-optimal XDC constraints or non-optimal design architecture
Related violations: <none>

TIMING-16#125 Warning
Large setup violation  
There is a large setup violation of -60.285 ns between midi_input_inst/midi_note_reg[2]_replica/C (clocked by sys_clk_pin) and synth_inst/wav_sel_inst/sqr_wav_inst/counter_reg[13]/R (clocked by sys_clk_pin). Large setup violations at the end of those stages might be difficult to fix during the post-placement implementation flow and could be the result of non-optimal XDC constraints or non-optimal design architecture
Related violations: <none>

TIMING-16#126 Warning
Large setup violation  
There is a large setup violation of -60.285 ns between midi_input_inst/midi_note_reg[2]_replica/C (clocked by sys_clk_pin) and synth_inst/wav_sel_inst/sqr_wav_inst/counter_reg[14]/R (clocked by sys_clk_pin). Large setup violations at the end of those stages might be difficult to fix during the post-placement implementation flow and could be the result of non-optimal XDC constraints or non-optimal design architecture
Related violations: <none>

TIMING-16#127 Warning
Large setup violation  
There is a large setup violation of -60.285 ns between midi_input_inst/midi_note_reg[2]_replica/C (clocked by sys_clk_pin) and synth_inst/wav_sel_inst/sqr_wav_inst/counter_reg[15]/R (clocked by sys_clk_pin). Large setup violations at the end of those stages might be difficult to fix during the post-placement implementation flow and could be the result of non-optimal XDC constraints or non-optimal design architecture
Related violations: <none>

TIMING-16#128 Warning
Large setup violation  
There is a large setup violation of -60.285 ns between midi_input_inst/midi_note_reg[2]_replica/C (clocked by sys_clk_pin) and synth_inst/wav_sel_inst/sqr_wav_inst/counter_reg[24]/R (clocked by sys_clk_pin). Large setup violations at the end of those stages might be difficult to fix during the post-placement implementation flow and could be the result of non-optimal XDC constraints or non-optimal design architecture
Related violations: <none>

TIMING-16#129 Warning
Large setup violation  
There is a large setup violation of -60.285 ns between midi_input_inst/midi_note_reg[2]_replica/C (clocked by sys_clk_pin) and synth_inst/wav_sel_inst/sqr_wav_inst/counter_reg[25]/R (clocked by sys_clk_pin). Large setup violations at the end of those stages might be difficult to fix during the post-placement implementation flow and could be the result of non-optimal XDC constraints or non-optimal design architecture
Related violations: <none>

TIMING-16#130 Warning
Large setup violation  
There is a large setup violation of -60.285 ns between midi_input_inst/midi_note_reg[2]_replica/C (clocked by sys_clk_pin) and synth_inst/wav_sel_inst/sqr_wav_inst/counter_reg[26]/R (clocked by sys_clk_pin). Large setup violations at the end of those stages might be difficult to fix during the post-placement implementation flow and could be the result of non-optimal XDC constraints or non-optimal design architecture
Related violations: <none>

TIMING-16#131 Warning
Large setup violation  
There is a large setup violation of -60.285 ns between midi_input_inst/midi_note_reg[2]_replica/C (clocked by sys_clk_pin) and synth_inst/wav_sel_inst/sqr_wav_inst/counter_reg[27]/R (clocked by sys_clk_pin). Large setup violations at the end of those stages might be difficult to fix during the post-placement implementation flow and could be the result of non-optimal XDC constraints or non-optimal design architecture
Related violations: <none>

TIMING-16#132 Warning
Large setup violation  
There is a large setup violation of -60.294 ns between midi_input_inst/midi_note_reg[2]_replica/C (clocked by sys_clk_pin) and synth_inst/wav_sel_inst/sqr_wav_inst/counter_reg[0]/R (clocked by sys_clk_pin). Large setup violations at the end of those stages might be difficult to fix during the post-placement implementation flow and could be the result of non-optimal XDC constraints or non-optimal design architecture
Related violations: <none>

TIMING-16#133 Warning
Large setup violation  
There is a large setup violation of -60.294 ns between midi_input_inst/midi_note_reg[2]_replica/C (clocked by sys_clk_pin) and synth_inst/wav_sel_inst/sqr_wav_inst/counter_reg[1]/R (clocked by sys_clk_pin). Large setup violations at the end of those stages might be difficult to fix during the post-placement implementation flow and could be the result of non-optimal XDC constraints or non-optimal design architecture
Related violations: <none>

TIMING-16#134 Warning
Large setup violation  
There is a large setup violation of -60.294 ns between midi_input_inst/midi_note_reg[2]_replica/C (clocked by sys_clk_pin) and synth_inst/wav_sel_inst/sqr_wav_inst/counter_reg[28]/R (clocked by sys_clk_pin). Large setup violations at the end of those stages might be difficult to fix during the post-placement implementation flow and could be the result of non-optimal XDC constraints or non-optimal design architecture
Related violations: <none>

TIMING-16#135 Warning
Large setup violation  
There is a large setup violation of -60.294 ns between midi_input_inst/midi_note_reg[2]_replica/C (clocked by sys_clk_pin) and synth_inst/wav_sel_inst/sqr_wav_inst/counter_reg[29]/R (clocked by sys_clk_pin). Large setup violations at the end of those stages might be difficult to fix during the post-placement implementation flow and could be the result of non-optimal XDC constraints or non-optimal design architecture
Related violations: <none>

TIMING-16#136 Warning
Large setup violation  
There is a large setup violation of -60.294 ns between midi_input_inst/midi_note_reg[2]_replica/C (clocked by sys_clk_pin) and synth_inst/wav_sel_inst/sqr_wav_inst/counter_reg[2]/R (clocked by sys_clk_pin). Large setup violations at the end of those stages might be difficult to fix during the post-placement implementation flow and could be the result of non-optimal XDC constraints or non-optimal design architecture
Related violations: <none>

TIMING-16#137 Warning
Large setup violation  
There is a large setup violation of -60.294 ns between midi_input_inst/midi_note_reg[2]_replica/C (clocked by sys_clk_pin) and synth_inst/wav_sel_inst/sqr_wav_inst/counter_reg[30]/R (clocked by sys_clk_pin). Large setup violations at the end of those stages might be difficult to fix during the post-placement implementation flow and could be the result of non-optimal XDC constraints or non-optimal design architecture
Related violations: <none>

TIMING-16#138 Warning
Large setup violation  
There is a large setup violation of -60.294 ns between midi_input_inst/midi_note_reg[2]_replica/C (clocked by sys_clk_pin) and synth_inst/wav_sel_inst/sqr_wav_inst/counter_reg[31]/R (clocked by sys_clk_pin). Large setup violations at the end of those stages might be difficult to fix during the post-placement implementation flow and could be the result of non-optimal XDC constraints or non-optimal design architecture
Related violations: <none>

TIMING-16#139 Warning
Large setup violation  
There is a large setup violation of -60.294 ns between midi_input_inst/midi_note_reg[2]_replica/C (clocked by sys_clk_pin) and synth_inst/wav_sel_inst/sqr_wav_inst/counter_reg[3]/R (clocked by sys_clk_pin). Large setup violations at the end of those stages might be difficult to fix during the post-placement implementation flow and could be the result of non-optimal XDC constraints or non-optimal design architecture
Related violations: <none>

TIMING-18#1 Warning
Missing input or output delay  
An input delay is missing on midi_rx relative to the rising and/or falling clock edge(s) of sys_clk_pin.
Related violations: <none>

TIMING-18#2 Warning
Missing input or output delay  
An input delay is missing on reset relative to the rising and/or falling clock edge(s) of sys_clk_pin.
Related violations: <none>

TIMING-18#3 Warning
Missing input or output delay  
An input delay is missing on sustain_level[0] relative to the rising and/or falling clock edge(s) of sys_clk_pin.
Related violations: <none>

TIMING-18#4 Warning
Missing input or output delay  
An input delay is missing on sustain_level[1] relative to the rising and/or falling clock edge(s) of sys_clk_pin.
Related violations: <none>

TIMING-18#5 Warning
Missing input or output delay  
An input delay is missing on sustain_level[2] relative to the rising and/or falling clock edge(s) of sys_clk_pin.
Related violations: <none>

TIMING-18#6 Warning
Missing input or output delay  
An input delay is missing on sustain_level[3] relative to the rising and/or falling clock edge(s) of sys_clk_pin.
Related violations: <none>

TIMING-18#7 Warning
Missing input or output delay  
An input delay is missing on wav_sel[0] relative to the rising and/or falling clock edge(s) of sys_clk_pin.
Related violations: <none>

TIMING-18#8 Warning
Missing input or output delay  
An input delay is missing on wav_sel[1] relative to the rising and/or falling clock edge(s) of sys_clk_pin.
Related violations: <none>

TIMING-18#9 Warning
Missing input or output delay  
An output delay is missing on pwm_audio_out relative to the rising and/or falling clock edge(s) of sys_clk_pin.
Related violations: <none>


